Using pre-set license
Built from '2020.3/release' branch; Version is '2020.3.31f1 (6b54b7616050) revision 7034039'; Using compiler version '192528614'; Build Type 'Release'
OS: 'Windows 10  (10.0.19044) 64bit Professional' Language: 'en' Physical Memory: 16057 MB
BatchMode: 1, IsHumanControllingUs: 0, StartBugReporterOnCrash: 0, Is64bit: 1, IsPro: 0

COMMAND LINE ARGUMENTS:
C:\Program Files\Unity\Hub\Editor\2020.3.31f1\Editor\Unity.exe
-adb2
-batchMode
-noUpm
-name
AssetImportWorker0
-projectPath
C:/Users/Alex/GitHub/Create-With-Code/TopDungeon
-logFile
Logs/AssetImportWorker0.log
-srvPort
58907
Successfully changed project path to: C:/Users/Alex/GitHub/Create-With-Code/TopDungeon
C:/Users/Alex/GitHub/Create-With-Code/TopDungeon
Using Asset Import Pipeline V2.
Refreshing native plugins compatible for Editor in 60.79 ms, found 3 plugins.
Preloading 0 native plugins for Editor in 0.00 ms.
Initialize engine version: 2020.3.31f1 (6b54b7616050)
[Subsystems] Discovering subsystems at path C:/Program Files/Unity/Hub/Editor/2020.3.31f1/Editor/Data/Resources/UnitySubsystems
[Subsystems] Discovering subsystems at path C:/Users/Alex/GitHub/Create-With-Code/TopDungeon/Assets
GfxDevice: creating device client; threaded=0
Direct3D:
    Version:  Direct3D 11.0 [level 11.1]
    Renderer: Intel(R) Iris(R) Xe Graphics (ID=0x9a49)
    Vendor:   
    VRAM:     8028 MB
    Driver:   27.20.100.9415
Initialize mono
Mono path[0] = 'C:/Program Files/Unity/Hub/Editor/2020.3.31f1/Editor/Data/Managed'
Mono path[1] = 'C:/Program Files/Unity/Hub/Editor/2020.3.31f1/Editor/Data/MonoBleedingEdge/lib/mono/unityjit'
Mono config path = 'C:/Program Files/Unity/Hub/Editor/2020.3.31f1/Editor/Data/MonoBleedingEdge/etc'
Using monoOptions --debugger-agent=transport=dt_socket,embedding=1,server=y,suspend=n,address=127.0.0.1:56148
Begin MonoManager ReloadAssembly
Registering precompiled unity dll's ...
Register platform support module: C:/Program Files/Unity/Hub/Editor/2020.3.31f1/Editor/Data/PlaybackEngines/WebGLSupport/UnityEditor.WebGL.Extensions.dll
Register platform support module: C:/Program Files/Unity/Hub/Editor/2020.3.31f1/Editor/Data/PlaybackEngines/WindowsStandaloneSupport/UnityEditor.WindowsStandalone.Extensions.dll
Registered in 0.004092 seconds.
Native extension for WindowsStandalone target not found
Native extension for WebGL target not found
Refreshing native plugins compatible for Editor in 57.09 ms, found 3 plugins.
Preloading 0 native plugins for Editor in 0.00 ms.
Mono: successfully reloaded assembly
- Completed reload, in  0.747 seconds
Domain Reload Profiling:
	ReloadAssembly (747ms)
		BeginReloadAssembly (88ms)
			ExecutionOrderSort (0ms)
			DisableScriptedObjects (0ms)
			BackupInstance (0ms)
			ReleaseScriptingObjects (0ms)
			CreateAndSetChildDomain (1ms)
		EndReloadAssembly (572ms)
			LoadAssemblies (85ms)
			RebuildTransferFunctionScriptingTraits (0ms)
			SetupTypeCache (240ms)
			ReleaseScriptCaches (0ms)
			RebuildScriptCaches (33ms)
			SetupLoadedEditorAssemblies (179ms)
				LogAssemblyErrors (0ms)
				InitializePlatformSupportModulesInManaged (7ms)
				SetLoadedEditorAssemblies (0ms)
				RefreshPlugins (57ms)
				BeforeProcessingInitializeOnLoad (10ms)
				ProcessInitializeOnLoadAttributes (83ms)
				ProcessInitializeOnLoadMethodAttributes (21ms)
				AfterProcessingInitializeOnLoad (0ms)
				EditorAssembliesLoaded (0ms)
			ExecutionOrderSort2 (0ms)
			AwakeInstancesAfterBackupRestoration (0ms)
Platform modules already initialized, skipping
Registering precompiled user dll's ...
Registered in 0.002743 seconds.
Begin MonoManager ReloadAssembly
Native extension for WindowsStandalone target not found
Native extension for WebGL target not found
Refreshing native plugins compatible for Editor in 52.59 ms, found 3 plugins.
Preloading 0 native plugins for Editor in 0.00 ms.
Mono: successfully reloaded assembly
- Completed reload, in  1.373 seconds
Domain Reload Profiling:
	ReloadAssembly (1374ms)
		BeginReloadAssembly (159ms)
			ExecutionOrderSort (0ms)
			DisableScriptedObjects (5ms)
			BackupInstance (0ms)
			ReleaseScriptingObjects (0ms)
			CreateAndSetChildDomain (17ms)
		EndReloadAssembly (1140ms)
			LoadAssemblies (117ms)
			RebuildTransferFunctionScriptingTraits (0ms)
			SetupTypeCache (325ms)
			ReleaseScriptCaches (1ms)
			RebuildScriptCaches (62ms)
			SetupLoadedEditorAssemblies (494ms)
				LogAssemblyErrors (0ms)
				InitializePlatformSupportModulesInManaged (5ms)
				SetLoadedEditorAssemblies (0ms)
				RefreshPlugins (53ms)
				BeforeProcessingInitializeOnLoad (107ms)
				ProcessInitializeOnLoadAttributes (301ms)
				ProcessInitializeOnLoadMethodAttributes (19ms)
				AfterProcessingInitializeOnLoad (8ms)
				EditorAssembliesLoaded (0ms)
			ExecutionOrderSort2 (0ms)
			AwakeInstancesAfterBackupRestoration (8ms)
Platform modules already initialized, skipping
========================================================================
Worker process is ready to serve import requests
Launched and connected shader compiler UnityShaderCompiler.exe after 0.07 seconds
Refreshing native plugins compatible for Editor in 1.16 ms, found 3 plugins.
Preloading 0 native plugins for Editor in 0.00 ms.
Unloading 2209 Unused Serialized files (Serialized files now loaded: 0)
System memory in use before: 97.2 MB.
System memory in use after: 97.2 MB.

Unloading 31 unused Assets to reduce memory usage. Loaded Objects now: 2641.
Total: 3.976200 ms (FindLiveObjects: 0.183800 ms CreateObjectMapping: 0.067400 ms MarkObjects: 3.535900 ms  DeleteObjects: 0.188000 ms)

AssetImportParameters requested are different than current active one (requested -> active):
  custom:framework-win-MediaFoundation: 216162199b28c13a410421893ffa2e32 -> 
  custom:video-decoder-ogg-theora: a1e56fd34408186e4bbccfd4996cb3dc -> 
  custom:container-muxer-webm: aa71ff27fc2769a1b78a27578f13a17b -> 
  custom:container-demuxer-webm: 4f35f7cbe854078d1ac9338744f61a02 -> 
  custom:container-demuxer-ogg: 62fdf1f143b41e24485cea50d1cbac27 -> 
  custom:video-encoder-webm-vp8: eb34c28f22e8b96e1ab97ce403110664 -> 
  custom:video-codec-MediaFoundation-h265: 746d11721c4dcdbdad8f713fa42b33f4 -> 
  custom:video-decoder-webm-vp8: 9c59270c3fd7afecdb556c50c9e8de78 -> 
  custom:audio-decoder-ogg-vorbis: bf7c407c2cedff20999df2af8eb42d56 -> 
  custom:audio-encoder-webm-vorbis: bf7c407c2cedff20999df2af8eb42d56 -> 
========================================================================
Received Import Request.
  path: Assets/Scripts/GameManager.cs
  artifactKey: Guid(0b3853178c5a08a4dbfabe1f19dbb113) Importer(815301076,1909f56bfc062723c751e8b465ee728b)
Start importing Assets/Scripts/GameManager.cs using Guid(0b3853178c5a08a4dbfabe1f19dbb113) Importer(815301076,1909f56bfc062723c751e8b465ee728b)  -> (artifact id: 'b639ef543d279373cfd75149bd185610') in 0.040824 seconds 
========================================================================
Received Prepare
Registering precompiled user dll's ...
Registered in 0.002899 seconds.
Begin MonoManager ReloadAssembly
Native extension for WindowsStandalone target not found
Native extension for WebGL target not found
Refreshing native plugins compatible for Editor in 0.64 ms, found 3 plugins.
Preloading 0 native plugins for Editor in 0.00 ms.
Mono: successfully reloaded assembly
- Completed reload, in  1.463 seconds
Domain Reload Profiling:
	ReloadAssembly (1464ms)
		BeginReloadAssembly (184ms)
			ExecutionOrderSort (0ms)
			DisableScriptedObjects (6ms)
			BackupInstance (0ms)
			ReleaseScriptingObjects (0ms)
			CreateAndSetChildDomain (51ms)
		EndReloadAssembly (1162ms)
			LoadAssemblies (159ms)
			RebuildTransferFunctionScriptingTraits (0ms)
			SetupTypeCache (359ms)
			ReleaseScriptCaches (1ms)
			RebuildScriptCaches (60ms)
			SetupLoadedEditorAssemblies (461ms)
				LogAssemblyErrors (0ms)
				InitializePlatformSupportModulesInManaged (10ms)
				SetLoadedEditorAssemblies (1ms)
				RefreshPlugins (1ms)
				BeforeProcessingInitializeOnLoad (145ms)
				ProcessInitializeOnLoadAttributes (287ms)
				ProcessInitializeOnLoadMethodAttributes (11ms)
				AfterProcessingInitializeOnLoad (7ms)
				EditorAssembliesLoaded (0ms)
			ExecutionOrderSort2 (0ms)
			AwakeInstancesAfterBackupRestoration (10ms)
Platform modules already initialized, skipping
Refreshing native plugins compatible for Editor in 1.11 ms, found 3 plugins.
Preloading 0 native plugins for Editor in 0.00 ms.
Unloading 2204 Unused Serialized files (Serialized files now loaded: 0)
System memory in use before: 97.2 MB.
System memory in use after: 97.2 MB.

Unloading 20 unused Assets to reduce memory usage. Loaded Objects now: 2644.
Total: 5.972700 ms (FindLiveObjects: 0.250100 ms CreateObjectMapping: 0.128100 ms MarkObjects: 5.420400 ms  DeleteObjects: 0.172300 ms)

AssetImportParameters requested are different than current active one (requested -> active):
  custom:framework-win-MediaFoundation: 216162199b28c13a410421893ffa2e32 -> 
  custom:video-decoder-ogg-theora: a1e56fd34408186e4bbccfd4996cb3dc -> 
  custom:container-muxer-webm: aa71ff27fc2769a1b78a27578f13a17b -> 
  custom:container-demuxer-webm: 4f35f7cbe854078d1ac9338744f61a02 -> 
  custom:container-demuxer-ogg: 62fdf1f143b41e24485cea50d1cbac27 -> 
  custom:video-encoder-webm-vp8: eb34c28f22e8b96e1ab97ce403110664 -> 
  custom:video-codec-MediaFoundation-h265: 746d11721c4dcdbdad8f713fa42b33f4 -> 
  custom:video-decoder-webm-vp8: 9c59270c3fd7afecdb556c50c9e8de78 -> 
  custom:audio-decoder-ogg-vorbis: bf7c407c2cedff20999df2af8eb42d56 -> 
  custom:audio-encoder-webm-vorbis: bf7c407c2cedff20999df2af8eb42d56 -> 
========================================================================
Received Import Request.
  Time since last request: 345.242877 seconds.
  path: Assets/Artwork/Tilemap/Atlas/Atlas_0.asset
  artifactKey: Guid(a698a041545aa1f40a1b72b8f333ff9b) Importer(815301076,1909f56bfc062723c751e8b465ee728b)
Start importing Assets/Artwork/Tilemap/Atlas/Atlas_0.asset using Guid(a698a041545aa1f40a1b72b8f333ff9b) Importer(815301076,1909f56bfc062723c751e8b465ee728b)  -> (artifact id: '751e30642f137f556b0a9726af89857f') in 0.084864 seconds 
========================================================================
Received Import Request.
  Time since last request: 0.000186 seconds.
  path: Assets/Artwork/Tilemap/Atlas/Atlas_20.asset
  artifactKey: Guid(8c9c487c6dfa1784d9fb661d23cfaca2) Importer(815301076,1909f56bfc062723c751e8b465ee728b)
Start importing Assets/Artwork/Tilemap/Atlas/Atlas_20.asset using Guid(8c9c487c6dfa1784d9fb661d23cfaca2) Importer(815301076,1909f56bfc062723c751e8b465ee728b)  -> (artifact id: '26b0c51bc7d32e6be978c711fb984db1') in 0.009104 seconds 
========================================================================
Received Import Request.
  Time since last request: 0.000150 seconds.
  path: Assets/Artwork/Tilemap/Atlas/Atlas_16.asset
  artifactKey: Guid(6932f2375d8488b44a523f647d53a163) Importer(815301076,1909f56bfc062723c751e8b465ee728b)
Start importing Assets/Artwork/Tilemap/Atlas/Atlas_16.asset using Guid(6932f2375d8488b44a523f647d53a163) Importer(815301076,1909f56bfc062723c751e8b465ee728b)  -> (artifact id: '4cf1a91d6e4600d5fe1697217fa3d4eb') in 0.008503 seconds 
========================================================================
Received Import Request.
  Time since last request: 0.000175 seconds.
  path: Assets/Artwork/Tilemap/Atlas/Atlas_11.asset
  artifactKey: Guid(f0610175ea3563f4bb1eacbd35119d05) Importer(815301076,1909f56bfc062723c751e8b465ee728b)
Start importing Assets/Artwork/Tilemap/Atlas/Atlas_11.asset using Guid(f0610175ea3563f4bb1eacbd35119d05) Importer(815301076,1909f56bfc062723c751e8b465ee728b)  -> (artifact id: '9517f33dabf8e610a4d1d6ad28eba2f5') in 0.007142 seconds 
========================================================================
Received Import Request.
  Time since last request: 0.000149 seconds.
  path: Assets/Artwork/Tilemap/Atlas/Atlas_13.asset
  artifactKey: Guid(b59676fa249d4344faa5105e2dad01b4) Importer(815301076,1909f56bfc062723c751e8b465ee728b)
Start importing Assets/Artwork/Tilemap/Atlas/Atlas_13.asset using Guid(b59676fa249d4344faa5105e2dad01b4) Importer(815301076,1909f56bfc062723c751e8b465ee728b)  -> (artifact id: '5b60a771d5d154ef2366a0140c245ab3') in 0.007852 seconds 
========================================================================
Received Import Request.
  Time since last request: 0.000164 seconds.
  path: Assets/Artwork/Tilemap/Atlas/Atlas_7.asset
  artifactKey: Guid(a9333c9049f3f09458f8df6b247b3a37) Importer(815301076,1909f56bfc062723c751e8b465ee728b)
Start importing Assets/Artwork/Tilemap/Atlas/Atlas_7.asset using Guid(a9333c9049f3f09458f8df6b247b3a37) Importer(815301076,1909f56bfc062723c751e8b465ee728b)  -> (artifact id: '4baafdd2d679bdf059a178215d7a0e2d') in 0.007905 seconds 
========================================================================
Received Import Request.
  Time since last request: 0.000163 seconds.
  path: Assets/Artwork/Tilemap/Atlas/Atlas_15.asset
  artifactKey: Guid(f2769fb71019f4f4888e1246bf4e8453) Importer(815301076,1909f56bfc062723c751e8b465ee728b)
Start importing Assets/Artwork/Tilemap/Atlas/Atlas_15.asset using Guid(f2769fb71019f4f4888e1246bf4e8453) Importer(815301076,1909f56bfc062723c751e8b465ee728b)  -> (artifact id: 'b3ece623524155a64dd98bc1fc5af2d5') in 0.007835 seconds 
========================================================================
Received Import Request.
  Time since last request: 0.000168 seconds.
  path: Assets/Artwork/Tilemap/Atlas/Atlas_10.asset
  artifactKey: Guid(f5aed3712b781a24f8b836ed4da841cb) Importer(815301076,1909f56bfc062723c751e8b465ee728b)
Start importing Assets/Artwork/Tilemap/Atlas/Atlas_10.asset using Guid(f5aed3712b781a24f8b836ed4da841cb) Importer(815301076,1909f56bfc062723c751e8b465ee728b)  -> (artifact id: 'a7279d42fa9fc5e118b12677b9c765c2') in 0.008879 seconds 
========================================================================
Received Import Request.
  Time since last request: 0.000215 seconds.
  path: Assets/Artwork/Tilemap/Atlas/Atlas_12.asset
  artifactKey: Guid(e660b5e4389239540869da1d57448955) Importer(815301076,1909f56bfc062723c751e8b465ee728b)
Start importing Assets/Artwork/Tilemap/Atlas/Atlas_12.asset using Guid(e660b5e4389239540869da1d57448955) Importer(815301076,1909f56bfc062723c751e8b465ee728b)  -> (artifact id: 'c9b0689cc472a519051298219f5b7d80') in 0.007561 seconds 
========================================================================
Received Import Request.
  Time since last request: 0.000179 seconds.
  path: Assets/Artwork/Tilemap/Atlas/Atlas_8.asset
  artifactKey: Guid(b555bc95fc89ab64aa406f2b3d0d46ed) Importer(815301076,1909f56bfc062723c751e8b465ee728b)
Start importing Assets/Artwork/Tilemap/Atlas/Atlas_8.asset using Guid(b555bc95fc89ab64aa406f2b3d0d46ed) Importer(815301076,1909f56bfc062723c751e8b465ee728b)  -> (artifact id: 'a7e77b0d6f05e6320affb2061c1d1051') in 0.008326 seconds 
========================================================================
Received Import Request.
  Time since last request: 0.000179 seconds.
  path: Assets/Artwork/Tilemap/Atlas/Atlas_19.asset
  artifactKey: Guid(6c318e397dc6aec40ab350acea717f21) Importer(815301076,1909f56bfc062723c751e8b465ee728b)
Start importing Assets/Artwork/Tilemap/Atlas/Atlas_19.asset using Guid(6c318e397dc6aec40ab350acea717f21) Importer(815301076,1909f56bfc062723c751e8b465ee728b)  -> (artifact id: '22c4e3803a8dda62babad269c4a5bd82') in 0.008823 seconds 
========================================================================
Received Import Request.
  Time since last request: 0.000173 seconds.
  path: Assets/Artwork/Tilemap/Atlas/Atlas_17.asset
  artifactKey: Guid(a82e5e553bd39f04a8ae0076f67249b2) Importer(815301076,1909f56bfc062723c751e8b465ee728b)
Start importing Assets/Artwork/Tilemap/Atlas/Atlas_17.asset using Guid(a82e5e553bd39f04a8ae0076f67249b2) Importer(815301076,1909f56bfc062723c751e8b465ee728b)  -> (artifact id: '15e85ebcfc85d12b89872e9564895967') in 0.008580 seconds 
========================================================================
Received Import Request.
  Time since last request: 0.000151 seconds.
  path: Assets/Artwork/Tilemap/Atlas/Atlas_18.asset
  artifactKey: Guid(97e2445f9d1872244bc5f0dcb8a43fed) Importer(815301076,1909f56bfc062723c751e8b465ee728b)
Start importing Assets/Artwork/Tilemap/Atlas/Atlas_18.asset using Guid(97e2445f9d1872244bc5f0dcb8a43fed) Importer(815301076,1909f56bfc062723c751e8b465ee728b)  -> (artifact id: 'f5a037addc37a9417cd96cb4dd3cb812') in 0.007805 seconds 
========================================================================
Received Import Request.
  Time since last request: 0.000170 seconds.
  path: Assets/Artwork/Tilemap/Atlas/Atlas_2.asset
  artifactKey: Guid(bb457ce91fa23214b87252df138b9c9a) Importer(815301076,1909f56bfc062723c751e8b465ee728b)
Start importing Assets/Artwork/Tilemap/Atlas/Atlas_2.asset using Guid(bb457ce91fa23214b87252df138b9c9a) Importer(815301076,1909f56bfc062723c751e8b465ee728b)  -> (artifact id: '37c5de093fb75b4c0e0544c6e3d8d52b') in 0.008309 seconds 
========================================================================
Received Import Request.
  Time since last request: 0.000201 seconds.
  path: Assets/Artwork/Tilemap/Atlas/Atlas_3.asset
  artifactKey: Guid(0162d621be081944a818c01e702c634c) Importer(815301076,1909f56bfc062723c751e8b465ee728b)
Start importing Assets/Artwork/Tilemap/Atlas/Atlas_3.asset using Guid(0162d621be081944a818c01e702c634c) Importer(815301076,1909f56bfc062723c751e8b465ee728b)  -> (artifact id: '73842232e836fe687e5951a0f7f01572') in 0.009342 seconds 
========================================================================
Received Import Request.
  Time since last request: 0.000158 seconds.
  path: Assets/Artwork/Tilemap/Atlas/Atlas_5.asset
  artifactKey: Guid(7727e1ea17b5c1944b1dbfb79c5d3d98) Importer(815301076,1909f56bfc062723c751e8b465ee728b)
Start importing Assets/Artwork/Tilemap/Atlas/Atlas_5.asset using Guid(7727e1ea17b5c1944b1dbfb79c5d3d98) Importer(815301076,1909f56bfc062723c751e8b465ee728b)  -> (artifact id: 'e39149e32247f34829e938ca56c33ea9') in 0.008456 seconds 
========================================================================
Received Import Request.
  Time since last request: 0.000199 seconds.
  path: Assets/Artwork/Tilemap/Atlas/Atlas_14.asset
  artifactKey: Guid(44000423f0f99384dadc9d45f7136e63) Importer(815301076,1909f56bfc062723c751e8b465ee728b)
Start importing Assets/Artwork/Tilemap/Atlas/Atlas_14.asset using Guid(44000423f0f99384dadc9d45f7136e63) Importer(815301076,1909f56bfc062723c751e8b465ee728b)  -> (artifact id: '8517fb4f7a05e9b48f57252e94f0b3cc') in 0.009080 seconds 
========================================================================
Received Import Request.
  Time since last request: 0.000151 seconds.
  path: Assets/Artwork/Tilemap/Atlas/Atlas_9.asset
  artifactKey: Guid(a86cc3efb507cb447b6ad50f7095d6d7) Importer(815301076,1909f56bfc062723c751e8b465ee728b)
Start importing Assets/Artwork/Tilemap/Atlas/Atlas_9.asset using Guid(a86cc3efb507cb447b6ad50f7095d6d7) Importer(815301076,1909f56bfc062723c751e8b465ee728b)  -> (artifact id: '024128c528f11edf6b4bf39187f3fbb6') in 0.007682 seconds 
========================================================================
Received Import Request.
  Time since last request: 0.000170 seconds.
  path: Assets/Artwork/Tilemap/Atlas/Atlas_4.asset
  artifactKey: Guid(b5a740a831b3ded4394a903ec7fc2d29) Importer(815301076,1909f56bfc062723c751e8b465ee728b)
Start importing Assets/Artwork/Tilemap/Atlas/Atlas_4.asset using Guid(b5a740a831b3ded4394a903ec7fc2d29) Importer(815301076,1909f56bfc062723c751e8b465ee728b)  -> (artifact id: '7f4220acd361f0109866c0301008f427') in 0.008211 seconds 
========================================================================
Received Import Request.
  Time since last request: 0.000166 seconds.
  path: Assets/Artwork/Tilemap/Atlas/Atlas_6.asset
  artifactKey: Guid(aabea85571c4da14cac2d51588c0b9e9) Importer(815301076,1909f56bfc062723c751e8b465ee728b)
Start importing Assets/Artwork/Tilemap/Atlas/Atlas_6.asset using Guid(aabea85571c4da14cac2d51588c0b9e9) Importer(815301076,1909f56bfc062723c751e8b465ee728b)  -> (artifact id: '7578287d00b5908848476be0968e07d0') in 0.007806 seconds 
========================================================================
Received Import Request.
  Time since last request: 2.151345 seconds.
  path: Assets/Artwork/Tilemap/Atlas/Atlas_21.asset
  artifactKey: Guid(26e3ca764e8495d41a02c2d1b64c6b58) Importer(815301076,1909f56bfc062723c751e8b465ee728b)
Start importing Assets/Artwork/Tilemap/Atlas/Atlas_21.asset using Guid(26e3ca764e8495d41a02c2d1b64c6b58) Importer(815301076,1909f56bfc062723c751e8b465ee728b)  -> (artifact id: '98dfb0142e8d48f40695285fdaa6688c') in 0.007513 seconds 
========================================================================
Received Import Request.
  Time since last request: 0.000147 seconds.
  path: Assets/Artwork/Tilemap/Atlas/Atlas_22.asset
  artifactKey: Guid(5f2b252abd092fc4c9f555742de9fa08) Importer(815301076,1909f56bfc062723c751e8b465ee728b)
Start importing Assets/Artwork/Tilemap/Atlas/Atlas_22.asset using Guid(5f2b252abd092fc4c9f555742de9fa08) Importer(815301076,1909f56bfc062723c751e8b465ee728b)  -> (artifact id: '1e78cea7cad277d71a5110d1f795b243') in 0.009584 seconds 
========================================================================
Received Import Request.
  Time since last request: 0.000143 seconds.
  path: Assets/Artwork/Tilemap/Atlas/Atlas_23.asset
  artifactKey: Guid(57b43b6f6efecee48a69bb3afdcc6ef0) Importer(815301076,1909f56bfc062723c751e8b465ee728b)
Start importing Assets/Artwork/Tilemap/Atlas/Atlas_23.asset using Guid(57b43b6f6efecee48a69bb3afdcc6ef0) Importer(815301076,1909f56bfc062723c751e8b465ee728b)  -> (artifact id: '3ccb56d791aa4eeec17e097cd374c892') in 0.018760 seconds 
========================================================================
Received Import Request.
  Time since last request: 0.024370 seconds.
  path: Assets/Artwork/Tilemap/Atlas/Atlas_24.asset
  artifactKey: Guid(3b164b3310863f14886d4ed9621bc0a0) Importer(815301076,1909f56bfc062723c751e8b465ee728b)
Start importing Assets/Artwork/Tilemap/Atlas/Atlas_24.asset using Guid(3b164b3310863f14886d4ed9621bc0a0) Importer(815301076,1909f56bfc062723c751e8b465ee728b)  -> (artifact id: 'a9c0c0637bb9aa2bf349868194bc7e4b') in 0.007049 seconds 
========================================================================
Received Import Request.
  Time since last request: 0.000152 seconds.
  path: Assets/Artwork/Tilemap/Atlas/Atlas_26.asset
  artifactKey: Guid(a5caf078b350705449885ceadb8b148b) Importer(815301076,1909f56bfc062723c751e8b465ee728b)
Start importing Assets/Artwork/Tilemap/Atlas/Atlas_26.asset using Guid(a5caf078b350705449885ceadb8b148b) Importer(815301076,1909f56bfc062723c751e8b465ee728b)  -> (artifact id: '2ad7a065a8aa2a36c679250e96ae1109') in 0.009300 seconds 
========================================================================
Received Import Request.
  Time since last request: 0.000224 seconds.
  path: Assets/Artwork/Tilemap/Atlas/Atlas_25.asset
  artifactKey: Guid(2e3cc4ffc295433469d758bfeeae4314) Importer(815301076,1909f56bfc062723c751e8b465ee728b)
Start importing Assets/Artwork/Tilemap/Atlas/Atlas_25.asset using Guid(2e3cc4ffc295433469d758bfeeae4314) Importer(815301076,1909f56bfc062723c751e8b465ee728b)  -> (artifact id: 'e8798dc1728d1a1dd1fc8d3c868898f1') in 0.009175 seconds 
========================================================================
Received Import Request.
  Time since last request: 0.200689 seconds.
  path: Assets/Artwork/Tilemap/Atlas/Atlas_27.asset
  artifactKey: Guid(ad8d1c46eb53f554185a61ada081647f) Importer(815301076,1909f56bfc062723c751e8b465ee728b)
Start importing Assets/Artwork/Tilemap/Atlas/Atlas_27.asset using Guid(ad8d1c46eb53f554185a61ada081647f) Importer(815301076,1909f56bfc062723c751e8b465ee728b)  -> (artifact id: '60462064924035371849b9155fb19607') in 0.008044 seconds 
========================================================================
Received Import Request.
  Time since last request: 0.000140 seconds.
  path: Assets/Artwork/Tilemap/Atlas/Atlas_29.asset
  artifactKey: Guid(b949660b69f692e49bf058a575d041ba) Importer(815301076,1909f56bfc062723c751e8b465ee728b)
Start importing Assets/Artwork/Tilemap/Atlas/Atlas_29.asset using Guid(b949660b69f692e49bf058a575d041ba) Importer(815301076,1909f56bfc062723c751e8b465ee728b)  -> (artifact id: 'ae679991a0b189df458aad977a223bd1') in 0.008153 seconds 
========================================================================
Received Import Request.
  Time since last request: 0.000143 seconds.
  path: Assets/Artwork/Tilemap/Atlas/Atlas_28.asset
  artifactKey: Guid(58e732b07b8b56248970a3d59f94843c) Importer(815301076,1909f56bfc062723c751e8b465ee728b)
Start importing Assets/Artwork/Tilemap/Atlas/Atlas_28.asset using Guid(58e732b07b8b56248970a3d59f94843c) Importer(815301076,1909f56bfc062723c751e8b465ee728b)  -> (artifact id: 'a9b9b5dda9ceea26e7816fafe1b4ee30') in 0.007592 seconds 
========================================================================
Received Import Request.
  Time since last request: 0.046929 seconds.
  path: Assets/Artwork/Tilemap/Atlas/Atlas_30.asset
  artifactKey: Guid(33be120f50a74e04fbf87514e7e1e8d9) Importer(815301076,1909f56bfc062723c751e8b465ee728b)
Start importing Assets/Artwork/Tilemap/Atlas/Atlas_30.asset using Guid(33be120f50a74e04fbf87514e7e1e8d9) Importer(815301076,1909f56bfc062723c751e8b465ee728b)  -> (artifact id: '6917164bef4a9754e98354b76eb7fe02') in 0.009376 seconds 
========================================================================
Received Import Request.
  Time since last request: 0.000184 seconds.
  path: Assets/Artwork/Tilemap/Atlas/Atlas_32.asset
  artifactKey: Guid(95689b115486f2147a23cd0dafd292c7) Importer(815301076,1909f56bfc062723c751e8b465ee728b)
Start importing Assets/Artwork/Tilemap/Atlas/Atlas_32.asset using Guid(95689b115486f2147a23cd0dafd292c7) Importer(815301076,1909f56bfc062723c751e8b465ee728b)  -> (artifact id: 'b612c4a82edee153059684307531745d') in 0.009885 seconds 
========================================================================
Received Import Request.
  Time since last request: 0.000145 seconds.
  path: Assets/Artwork/Tilemap/Atlas/Atlas_31.asset
  artifactKey: Guid(55780960e6886ac41a6a381f095ea547) Importer(815301076,1909f56bfc062723c751e8b465ee728b)
Start importing Assets/Artwork/Tilemap/Atlas/Atlas_31.asset using Guid(55780960e6886ac41a6a381f095ea547) Importer(815301076,1909f56bfc062723c751e8b465ee728b)  -> (artifact id: '681879b4a0c9ab249d86e1eb2945dd5b') in 0.008011 seconds 
========================================================================
Received Import Request.
  Time since last request: 0.515574 seconds.
  path: Assets/Artwork/Tilemap/Atlas/Atlas_33.asset
  artifactKey: Guid(57a4b612780cc144eaef44d00cecdbe6) Importer(815301076,1909f56bfc062723c751e8b465ee728b)
Start importing Assets/Artwork/Tilemap/Atlas/Atlas_33.asset using Guid(57a4b612780cc144eaef44d00cecdbe6) Importer(815301076,1909f56bfc062723c751e8b465ee728b)  -> (artifact id: '1eaff53a70d13e01c18eeef24df4691a') in 0.007432 seconds 
========================================================================
Received Import Request.
  Time since last request: 0.000153 seconds.
  path: Assets/Artwork/Tilemap/Atlas/Atlas_34.asset
  artifactKey: Guid(6649e93ff3089ef41b3fcf103a779124) Importer(815301076,1909f56bfc062723c751e8b465ee728b)
Start importing Assets/Artwork/Tilemap/Atlas/Atlas_34.asset using Guid(6649e93ff3089ef41b3fcf103a779124) Importer(815301076,1909f56bfc062723c751e8b465ee728b)  -> (artifact id: 'c1db657afe8c6b3772af5188d29b4361') in 0.008314 seconds 
========================================================================
Received Import Request.
  Time since last request: 0.000174 seconds.
  path: Assets/Artwork/Tilemap/Atlas/Atlas_35.asset
  artifactKey: Guid(a43e7b0642b66fc48949b225b2eae4a5) Importer(815301076,1909f56bfc062723c751e8b465ee728b)
Start importing Assets/Artwork/Tilemap/Atlas/Atlas_35.asset using Guid(a43e7b0642b66fc48949b225b2eae4a5) Importer(815301076,1909f56bfc062723c751e8b465ee728b)  -> (artifact id: 'af52ef5685c253cc9238d4a027ba7e31') in 0.007903 seconds 
========================================================================
Received Import Request.
  Time since last request: 0.027666 seconds.
  path: Assets/Artwork/Tilemap/Atlas/Atlas_36.asset
  artifactKey: Guid(c8b2929250135a04ab7bbbf61cf973b5) Importer(815301076,1909f56bfc062723c751e8b465ee728b)
Start importing Assets/Artwork/Tilemap/Atlas/Atlas_36.asset using Guid(c8b2929250135a04ab7bbbf61cf973b5) Importer(815301076,1909f56bfc062723c751e8b465ee728b)  -> (artifact id: '34bda8a823c8fd7383f473be672f58a2') in 0.007212 seconds 
========================================================================
Received Import Request.
  Time since last request: 0.000150 seconds.
  path: Assets/Artwork/Tilemap/Atlas/Atlas_37.asset
  artifactKey: Guid(668195ae70f24d845b285f96b8630aa1) Importer(815301076,1909f56bfc062723c751e8b465ee728b)
Start importing Assets/Artwork/Tilemap/Atlas/Atlas_37.asset using Guid(668195ae70f24d845b285f96b8630aa1) Importer(815301076,1909f56bfc062723c751e8b465ee728b)  -> (artifact id: '26e4a32d0a805cd570d77242fdd1487f') in 0.008456 seconds 
========================================================================
Received Import Request.
  Time since last request: 0.000132 seconds.
  path: Assets/Artwork/Tilemap/Atlas/Atlas_38.asset
  artifactKey: Guid(1758f064b7c84ea4d927c166f83f6ff2) Importer(815301076,1909f56bfc062723c751e8b465ee728b)
Start importing Assets/Artwork/Tilemap/Atlas/Atlas_38.asset using Guid(1758f064b7c84ea4d927c166f83f6ff2) Importer(815301076,1909f56bfc062723c751e8b465ee728b)  -> (artifact id: '678a61398be6845ffa39d478a9ad5b42') in 0.008186 seconds 
========================================================================
Received Import Request.
  Time since last request: 0.065144 seconds.
  path: Assets/Artwork/Tilemap/Atlas/Atlas_39.asset
  artifactKey: Guid(ff4afaa1b786b9d40a8f586463a63ec0) Importer(815301076,1909f56bfc062723c751e8b465ee728b)
Start importing Assets/Artwork/Tilemap/Atlas/Atlas_39.asset using Guid(ff4afaa1b786b9d40a8f586463a63ec0) Importer(815301076,1909f56bfc062723c751e8b465ee728b)  -> (artifact id: 'bca78e07013ab310f5803a239040a537') in 0.008379 seconds 
========================================================================
Received Import Request.
  Time since last request: 0.000160 seconds.
  path: Assets/Artwork/Tilemap/Atlas/Atlas_40.asset
  artifactKey: Guid(174c226df1276f94294415a21e64cc59) Importer(815301076,1909f56bfc062723c751e8b465ee728b)
Start importing Assets/Artwork/Tilemap/Atlas/Atlas_40.asset using Guid(174c226df1276f94294415a21e64cc59) Importer(815301076,1909f56bfc062723c751e8b465ee728b)  -> (artifact id: '9a035b1a55a06f3f4343eab95e8f933d') in 0.010312 seconds 
========================================================================
Received Import Request.
  Time since last request: 0.000211 seconds.
  path: Assets/Artwork/Tilemap/Atlas/Atlas_41.asset
  artifactKey: Guid(ce595c9922ef4394598fd60f173faaea) Importer(815301076,1909f56bfc062723c751e8b465ee728b)
Start importing Assets/Artwork/Tilemap/Atlas/Atlas_41.asset using Guid(ce595c9922ef4394598fd60f173faaea) Importer(815301076,1909f56bfc062723c751e8b465ee728b)  -> (artifact id: 'e786e47c30d77de414236cf581c89e8e') in 0.008918 seconds 
========================================================================
Received Import Request.
  Time since last request: 0.216726 seconds.
  path: Assets/Artwork/Tilemap/Atlas/Atlas_42.asset
  artifactKey: Guid(8070afe4a865eb847902a67d091db322) Importer(815301076,1909f56bfc062723c751e8b465ee728b)
Start importing Assets/Artwork/Tilemap/Atlas/Atlas_42.asset using Guid(8070afe4a865eb847902a67d091db322) Importer(815301076,1909f56bfc062723c751e8b465ee728b)  -> (artifact id: 'bc8daf037056e5684d6dc8053aa6c1a9') in 0.007889 seconds 
========================================================================
Received Import Request.
  Time since last request: 0.000137 seconds.
  path: Assets/Artwork/Tilemap/Atlas/Atlas_43.asset
  artifactKey: Guid(1327c34a5322442458c21a189d60cc60) Importer(815301076,1909f56bfc062723c751e8b465ee728b)
Start importing Assets/Artwork/Tilemap/Atlas/Atlas_43.asset using Guid(1327c34a5322442458c21a189d60cc60) Importer(815301076,1909f56bfc062723c751e8b465ee728b)  -> (artifact id: '1c6a78c633a483da0ea2f0568cbf9fe8') in 0.008178 seconds 
========================================================================
Received Import Request.
  Time since last request: 0.000132 seconds.
  path: Assets/Artwork/Tilemap/Atlas/Atlas_44.asset
  artifactKey: Guid(bfba94c6517892148b7f38af5db82cea) Importer(815301076,1909f56bfc062723c751e8b465ee728b)
Start importing Assets/Artwork/Tilemap/Atlas/Atlas_44.asset using Guid(bfba94c6517892148b7f38af5db82cea) Importer(815301076,1909f56bfc062723c751e8b465ee728b)  -> (artifact id: '93c861faacb08c3f7a2663efafed9763') in 0.007897 seconds 
========================================================================
Received Import Request.
  Time since last request: 0.065172 seconds.
  path: Assets/Artwork/Tilemap/Atlas/Atlas_45.asset
  artifactKey: Guid(75db9f833cc4fde408d6d220ae3e8e4b) Importer(815301076,1909f56bfc062723c751e8b465ee728b)
Start importing Assets/Artwork/Tilemap/Atlas/Atlas_45.asset using Guid(75db9f833cc4fde408d6d220ae3e8e4b) Importer(815301076,1909f56bfc062723c751e8b465ee728b)  -> (artifact id: '605f992bcadf76f0926d0baef73d3e67') in 0.006777 seconds 
========================================================================
Received Import Request.
  Time since last request: 0.000121 seconds.
  path: Assets/Artwork/Tilemap/Atlas/Atlas_47.asset
  artifactKey: Guid(c36d71f8570bbb24ba50c16bb95c12e3) Importer(815301076,1909f56bfc062723c751e8b465ee728b)
Start importing Assets/Artwork/Tilemap/Atlas/Atlas_47.asset using Guid(c36d71f8570bbb24ba50c16bb95c12e3) Importer(815301076,1909f56bfc062723c751e8b465ee728b)  -> (artifact id: '56962599d0b064d6a3f33a55c80f98c3') in 0.007777 seconds 
========================================================================
Received Import Request.
  Time since last request: 0.000253 seconds.
  path: Assets/Artwork/Tilemap/Atlas/Atlas_46.asset
  artifactKey: Guid(d66f15fed0b47bb438bd729b2011afb9) Importer(815301076,1909f56bfc062723c751e8b465ee728b)
Start importing Assets/Artwork/Tilemap/Atlas/Atlas_46.asset using Guid(d66f15fed0b47bb438bd729b2011afb9) Importer(815301076,1909f56bfc062723c751e8b465ee728b)  -> (artifact id: 'a189f81422f1713b291988305868970e') in 0.009468 seconds 
========================================================================
Received Import Request.
  Time since last request: 0.432230 seconds.
  path: Assets/Artwork/Tilemap/Atlas/Atlas_48.asset
  artifactKey: Guid(387d21dbdc43b0e488dc553ec6b35699) Importer(815301076,1909f56bfc062723c751e8b465ee728b)
Start importing Assets/Artwork/Tilemap/Atlas/Atlas_48.asset using Guid(387d21dbdc43b0e488dc553ec6b35699) Importer(815301076,1909f56bfc062723c751e8b465ee728b)  -> (artifact id: 'd08d6e684a5bc12a8d90d1e3ff0d117a') in 0.017308 seconds 
========================================================================
Received Import Request.
  Time since last request: 0.000133 seconds.
  path: Assets/Artwork/Tilemap/Atlas/Atlas_50.asset
  artifactKey: Guid(b2f0bd3a235a4d14e8c14bb9dbefd1a6) Importer(815301076,1909f56bfc062723c751e8b465ee728b)
Start importing Assets/Artwork/Tilemap/Atlas/Atlas_50.asset using Guid(b2f0bd3a235a4d14e8c14bb9dbefd1a6) Importer(815301076,1909f56bfc062723c751e8b465ee728b)  -> (artifact id: '792c6269087b66ac07ceee275e156bbe') in 0.008411 seconds 
========================================================================
Received Import Request.
  Time since last request: 0.000205 seconds.
  path: Assets/Artwork/Tilemap/Atlas/Atlas_49.asset
  artifactKey: Guid(3a00d1873d422ce48b3a1afeb88fcab2) Importer(815301076,1909f56bfc062723c751e8b465ee728b)
Start importing Assets/Artwork/Tilemap/Atlas/Atlas_49.asset using Guid(3a00d1873d422ce48b3a1afeb88fcab2) Importer(815301076,1909f56bfc062723c751e8b465ee728b)  -> (artifact id: 'ba213a64b19525356833b0b450f1b7f7') in 0.008429 seconds 
========================================================================
Received Import Request.
  Time since last request: 0.043947 seconds.
  path: Assets/Artwork/Tilemap/Atlas/Atlas_51.asset
  artifactKey: Guid(87e0089f85d5a8b488604d73c55247fd) Importer(815301076,1909f56bfc062723c751e8b465ee728b)
Start importing Assets/Artwork/Tilemap/Atlas/Atlas_51.asset using Guid(87e0089f85d5a8b488604d73c55247fd) Importer(815301076,1909f56bfc062723c751e8b465ee728b)  -> (artifact id: 'e510571c3cac0fc9a3bc8ce642b1d12e') in 0.010196 seconds 
========================================================================
Received Import Request.
  Time since last request: 0.000121 seconds.
  path: Assets/Artwork/Tilemap/Atlas/Atlas_52.asset
  artifactKey: Guid(d24dbf4a2b728dd4a8f250fe23759832) Importer(815301076,1909f56bfc062723c751e8b465ee728b)
Start importing Assets/Artwork/Tilemap/Atlas/Atlas_52.asset using Guid(d24dbf4a2b728dd4a8f250fe23759832) Importer(815301076,1909f56bfc062723c751e8b465ee728b)  -> (artifact id: 'af4cb26a1fc693c8edfea8249bb89f55') in 0.008362 seconds 
========================================================================
Received Import Request.
  Time since last request: 0.060142 seconds.
  path: Assets/Artwork/Tilemap/Atlas/Atlas_54.asset
  artifactKey: Guid(b40c638fbc6f25d4495612c64a72a25c) Importer(815301076,1909f56bfc062723c751e8b465ee728b)
Start importing Assets/Artwork/Tilemap/Atlas/Atlas_54.asset using Guid(b40c638fbc6f25d4495612c64a72a25c) Importer(815301076,1909f56bfc062723c751e8b465ee728b)  -> (artifact id: 'a34e8532c804babf8adfc2fa7135ce7b') in 0.007231 seconds 
========================================================================
Received Import Request.
  Time since last request: 0.000150 seconds.
  path: Assets/Artwork/Tilemap/Atlas/Atlas_55.asset
  artifactKey: Guid(113c61c81802a354e9e7500c666e4b5a) Importer(815301076,1909f56bfc062723c751e8b465ee728b)
Start importing Assets/Artwork/Tilemap/Atlas/Atlas_55.asset using Guid(113c61c81802a354e9e7500c666e4b5a) Importer(815301076,1909f56bfc062723c751e8b465ee728b)  -> (artifact id: '2d3091a870abb905423a22d8758f9b48') in 0.011143 seconds 
========================================================================
Received Import Request.
  Time since last request: 0.000197 seconds.
  path: Assets/Artwork/Tilemap/Atlas/Atlas_56.asset
  artifactKey: Guid(23ba343af3b00a141b63c082e3e6b07a) Importer(815301076,1909f56bfc062723c751e8b465ee728b)
Start importing Assets/Artwork/Tilemap/Atlas/Atlas_56.asset using Guid(23ba343af3b00a141b63c082e3e6b07a) Importer(815301076,1909f56bfc062723c751e8b465ee728b)  -> (artifact id: '054d812e337c1e9cf8562975eddcc6a3') in 0.008461 seconds 
========================================================================
Received Import Request.
  Time since last request: 0.242925 seconds.
  path: Assets/Artwork/Tilemap/Atlas/Atlas_57.asset
  artifactKey: Guid(75ad0fafc4b955d4cbd0365c4b1d12b4) Importer(815301076,1909f56bfc062723c751e8b465ee728b)
Start importing Assets/Artwork/Tilemap/Atlas/Atlas_57.asset using Guid(75ad0fafc4b955d4cbd0365c4b1d12b4) Importer(815301076,1909f56bfc062723c751e8b465ee728b)  -> (artifact id: '4e4d34dfa4aece8d4935ed3850c85e39') in 0.020461 seconds 
========================================================================
Received Import Request.
  Time since last request: 0.000241 seconds.
  path: Assets/Artwork/Tilemap/Atlas/Atlas_58.asset
  artifactKey: Guid(42887e550ed31b04ebcc98410356dfef) Importer(815301076,1909f56bfc062723c751e8b465ee728b)
Start importing Assets/Artwork/Tilemap/Atlas/Atlas_58.asset using Guid(42887e550ed31b04ebcc98410356dfef) Importer(815301076,1909f56bfc062723c751e8b465ee728b)  -> (artifact id: '5c3e08c4d765b195092446699b689e7c') in 0.008761 seconds 
========================================================================
Received Import Request.
  Time since last request: 0.000211 seconds.
  path: Assets/Artwork/Tilemap/Atlas/Atlas_59.asset
  artifactKey: Guid(4abbb7b4c7d5acb49829a01fef21c917) Importer(815301076,1909f56bfc062723c751e8b465ee728b)
Start importing Assets/Artwork/Tilemap/Atlas/Atlas_59.asset using Guid(4abbb7b4c7d5acb49829a01fef21c917) Importer(815301076,1909f56bfc062723c751e8b465ee728b)  -> (artifact id: '62e04fad0f0507d75fe9a91495d351ed') in 0.008018 seconds 
========================================================================
Received Import Request.
  Time since last request: 1.008080 seconds.
  path: Assets/Artwork/Tilemap/Atlas/Atlas_61.asset
  artifactKey: Guid(6ac66b374a103ae4199480a2c23ca671) Importer(815301076,1909f56bfc062723c751e8b465ee728b)
Start importing Assets/Artwork/Tilemap/Atlas/Atlas_61.asset using Guid(6ac66b374a103ae4199480a2c23ca671) Importer(815301076,1909f56bfc062723c751e8b465ee728b)  -> (artifact id: '61412592a670a01d8178b0375e6e9121') in 0.009796 seconds 
========================================================================
Received Import Request.
  Time since last request: 0.000209 seconds.
  path: Assets/Artwork/Tilemap/Atlas/Atlas_62.asset
  artifactKey: Guid(9654c0ddb137258409e3c330c35b4087) Importer(815301076,1909f56bfc062723c751e8b465ee728b)
Start importing Assets/Artwork/Tilemap/Atlas/Atlas_62.asset using Guid(9654c0ddb137258409e3c330c35b4087) Importer(815301076,1909f56bfc062723c751e8b465ee728b)  -> (artifact id: '1b4ee2f9525368b3c01974f5c4828fe9') in 0.008992 seconds 
========================================================================
Received Import Request.
  Time since last request: 0.730687 seconds.
  path: Assets/Artwork/Tilemap/Atlas/Atlas_63.asset
  artifactKey: Guid(b775f5aee4ce33b4897d5f4946caffe8) Importer(815301076,1909f56bfc062723c751e8b465ee728b)
Start importing Assets/Artwork/Tilemap/Atlas/Atlas_63.asset using Guid(b775f5aee4ce33b4897d5f4946caffe8) Importer(815301076,1909f56bfc062723c751e8b465ee728b)  -> (artifact id: 'd21b9d6e6916eeb38d300fe37e8c71df') in 0.008400 seconds 
========================================================================
Received Import Request.
  Time since last request: 0.000115 seconds.
  path: Assets/Artwork/Tilemap/Atlas/Atlas_64.asset
  artifactKey: Guid(e00e616e7cd9df248811fac8fcadd709) Importer(815301076,1909f56bfc062723c751e8b465ee728b)
Start importing Assets/Artwork/Tilemap/Atlas/Atlas_64.asset using Guid(e00e616e7cd9df248811fac8fcadd709) Importer(815301076,1909f56bfc062723c751e8b465ee728b)  -> (artifact id: 'ed2aab6438ce5f1137fadce923eccd98') in 0.018618 seconds 
========================================================================
Received Import Request.
  Time since last request: 0.000172 seconds.
  path: Assets/Artwork/Tilemap/Atlas/Atlas_65.asset
  artifactKey: Guid(b0e6417b2bf584b4b8ee574c1fe83a3c) Importer(815301076,1909f56bfc062723c751e8b465ee728b)
Start importing Assets/Artwork/Tilemap/Atlas/Atlas_65.asset using Guid(b0e6417b2bf584b4b8ee574c1fe83a3c) Importer(815301076,1909f56bfc062723c751e8b465ee728b)  -> (artifact id: 'e017273337cbb311bbbf601306df543a') in 0.007404 seconds 
========================================================================
Received Import Request.
  Time since last request: 0.240691 seconds.
  path: Assets/Artwork/Tilemap/Atlas/Atlas_66.asset
  artifactKey: Guid(48080b29f9512744faf6ae81ad2037fb) Importer(815301076,1909f56bfc062723c751e8b465ee728b)
Start importing Assets/Artwork/Tilemap/Atlas/Atlas_66.asset using Guid(48080b29f9512744faf6ae81ad2037fb) Importer(815301076,1909f56bfc062723c751e8b465ee728b)  -> (artifact id: '994364b6f9231e38cc644cf8778230c2') in 0.024240 seconds 
========================================================================
Received Import Request.
  Time since last request: 0.000232 seconds.
  path: Assets/Artwork/Tilemap/Atlas/Atlas_68.asset
  artifactKey: Guid(b5acb8082088180428a690776b596ef7) Importer(815301076,1909f56bfc062723c751e8b465ee728b)
Start importing Assets/Artwork/Tilemap/Atlas/Atlas_68.asset using Guid(b5acb8082088180428a690776b596ef7) Importer(815301076,1909f56bfc062723c751e8b465ee728b)  -> (artifact id: '4b8b14c92181ccc4a30d50533f12b6a4') in 0.008040 seconds 
========================================================================
Received Import Request.
  Time since last request: 0.000125 seconds.
  path: Assets/Artwork/Tilemap/Atlas/Atlas_67.asset
  artifactKey: Guid(10edd4fc390971048bca8ff4e92b7e57) Importer(815301076,1909f56bfc062723c751e8b465ee728b)
Start importing Assets/Artwork/Tilemap/Atlas/Atlas_67.asset using Guid(10edd4fc390971048bca8ff4e92b7e57) Importer(815301076,1909f56bfc062723c751e8b465ee728b)  -> (artifact id: '40061db2468a38783de600315778929f') in 0.007825 seconds 
========================================================================
Received Import Request.
  Time since last request: 2.572192 seconds.
  path: Assets/Artwork/Tilemap/Atlas/Atlas_69.asset
  artifactKey: Guid(da11e604e1fcdaa449745b84402baa3f) Importer(815301076,1909f56bfc062723c751e8b465ee728b)
Start importing Assets/Artwork/Tilemap/Atlas/Atlas_69.asset using Guid(da11e604e1fcdaa449745b84402baa3f) Importer(815301076,1909f56bfc062723c751e8b465ee728b)  -> (artifact id: '14d6172c27d26f9614120de99ca28d3e') in 0.011742 seconds 
========================================================================
Received Import Request.
  Time since last request: 0.000162 seconds.
  path: Assets/Artwork/Tilemap/Atlas/Atlas_71.asset
  artifactKey: Guid(a03915239bd020f4996d8fb4814fd2e9) Importer(815301076,1909f56bfc062723c751e8b465ee728b)
Start importing Assets/Artwork/Tilemap/Atlas/Atlas_71.asset using Guid(a03915239bd020f4996d8fb4814fd2e9) Importer(815301076,1909f56bfc062723c751e8b465ee728b)  -> (artifact id: '54fd15b936a2be8a53789bbfbadbf463') in 0.010847 seconds 
========================================================================
Received Import Request.
  Time since last request: 0.000155 seconds.
  path: Assets/Artwork/Tilemap/Atlas/Atlas_70.asset
  artifactKey: Guid(1964f3f122b184c41b6ff786752000fe) Importer(815301076,1909f56bfc062723c751e8b465ee728b)
Start importing Assets/Artwork/Tilemap/Atlas/Atlas_70.asset using Guid(1964f3f122b184c41b6ff786752000fe) Importer(815301076,1909f56bfc062723c751e8b465ee728b)  -> (artifact id: '9b2df80506926197e8d07804721607f6') in 0.008767 seconds 
========================================================================
Received Import Request.
  Time since last request: 93.438912 seconds.
  path: Assets/Artwork/Atlas.png
  artifactKey: Guid(252dc231085edbc4a9982c7aad4b4d98) Importer(815301076,1909f56bfc062723c751e8b465ee728b)
Start importing Assets/Artwork/Atlas.png using Guid(252dc231085edbc4a9982c7aad4b4d98) Importer(815301076,1909f56bfc062723c751e8b465ee728b)  -> (artifact id: '0cb563f02e1597f5d8747c55a050bc5b') in 0.504747 seconds 
========================================================================
Received Import Request.
  Time since last request: 11.762414 seconds.
  path: Assets/Artwork/Atlas.png
  artifactKey: Guid(252dc231085edbc4a9982c7aad4b4d98) Importer(815301076,1909f56bfc062723c751e8b465ee728b)
Start importing Assets/Artwork/Atlas.png using Guid(252dc231085edbc4a9982c7aad4b4d98) Importer(815301076,1909f56bfc062723c751e8b465ee728b)  -> (artifact id: 'cf71faa179b966c7c038af5eaa81e05b') in 0.448785 seconds 
========================================================================
Received Import Request.
  Time since last request: 47.666805 seconds.
  path: Assets/Artwork/Atlas.png
  artifactKey: Guid(252dc231085edbc4a9982c7aad4b4d98) Importer(815301076,1909f56bfc062723c751e8b465ee728b)
Start importing Assets/Artwork/Atlas.png using Guid(252dc231085edbc4a9982c7aad4b4d98) Importer(815301076,1909f56bfc062723c751e8b465ee728b)  -> (artifact id: '56c7e853dee6edf450c09e9d73bee755') in 0.475060 seconds 
========================================================================
Received Import Request.
  Time since last request: 32.407521 seconds.
  path: Assets/Artwork/Atlas.png
  artifactKey: Guid(252dc231085edbc4a9982c7aad4b4d98) Importer(815301076,1909f56bfc062723c751e8b465ee728b)
Start importing Assets/Artwork/Atlas.png using Guid(252dc231085edbc4a9982c7aad4b4d98) Importer(815301076,1909f56bfc062723c751e8b465ee728b)  -> (artifact id: 'a91281ad8b5f333ae589bf7b60324230') in 0.464151 seconds 
========================================================================
Received Import Request.
  Time since last request: 34.980599 seconds.
  path: Assets/Artwork/Atlas.png
  artifactKey: Guid(252dc231085edbc4a9982c7aad4b4d98) Importer(815301076,1909f56bfc062723c751e8b465ee728b)
Start importing Assets/Artwork/Atlas.png using Guid(252dc231085edbc4a9982c7aad4b4d98) Importer(815301076,1909f56bfc062723c751e8b465ee728b)  -> (artifact id: 'dfebca7d0db93115141d1eb43f6e6143') in 0.462639 seconds 
========================================================================
Received Import Request.
  Time since last request: 17.015867 seconds.
  path: Assets/Artwork/Atlas.png
  artifactKey: Guid(252dc231085edbc4a9982c7aad4b4d98) Importer(815301076,1909f56bfc062723c751e8b465ee728b)
Start importing Assets/Artwork/Atlas.png using Guid(252dc231085edbc4a9982c7aad4b4d98) Importer(815301076,1909f56bfc062723c751e8b465ee728b)  -> (artifact id: 'ee9c0caec7b288dfe944a7cfbac7b6a2') in 0.415298 seconds 
========================================================================
Received Import Request.
  Time since last request: 29.429301 seconds.
  path: Assets/Artwork/Atlas.png
  artifactKey: Guid(252dc231085edbc4a9982c7aad4b4d98) Importer(815301076,1909f56bfc062723c751e8b465ee728b)
Start importing Assets/Artwork/Atlas.png using Guid(252dc231085edbc4a9982c7aad4b4d98) Importer(815301076,1909f56bfc062723c751e8b465ee728b)  -> (artifact id: 'c2ad8151b98b99572bb6f32fc917378e') in 0.452505 seconds 
========================================================================
Received Import Request.
  Time since last request: 22.152940 seconds.
  path: Assets/Scripts/Weapon.cs
  artifactKey: Guid(c742bb9c79bbd384ea82d3a6903ebcf1) Importer(815301076,1909f56bfc062723c751e8b465ee728b)
Start importing Assets/Scripts/Weapon.cs using Guid(c742bb9c79bbd384ea82d3a6903ebcf1) Importer(815301076,1909f56bfc062723c751e8b465ee728b)  -> (artifact id: '3f5b52c6c02429645c9ebbc18f4e001a') in 0.003208 seconds 
========================================================================
Received Prepare
Registering precompiled user dll's ...
Registered in 0.003595 seconds.
Begin MonoManager ReloadAssembly
Native extension for WindowsStandalone target not found
Native extension for WebGL target not found
Refreshing native plugins compatible for Editor in 0.72 ms, found 3 plugins.
Preloading 0 native plugins for Editor in 0.00 ms.
Mono: successfully reloaded assembly
- Completed reload, in  1.157 seconds
Domain Reload Profiling:
	ReloadAssembly (1158ms)
		BeginReloadAssembly (144ms)
			ExecutionOrderSort (0ms)
			DisableScriptedObjects (6ms)
			BackupInstance (0ms)
			ReleaseScriptingObjects (0ms)
			CreateAndSetChildDomain (50ms)
		EndReloadAssembly (950ms)
			LoadAssemblies (106ms)
			RebuildTransferFunctionScriptingTraits (0ms)
			SetupTypeCache (300ms)
			ReleaseScriptCaches (1ms)
			RebuildScriptCaches (39ms)
			SetupLoadedEditorAssemblies (418ms)
				LogAssemblyErrors (0ms)
				InitializePlatformSupportModulesInManaged (7ms)
				SetLoadedEditorAssemblies (1ms)
				RefreshPlugins (1ms)
				BeforeProcessingInitializeOnLoad (120ms)
				ProcessInitializeOnLoadAttributes (269ms)
				ProcessInitializeOnLoadMethodAttributes (14ms)
				AfterProcessingInitializeOnLoad (6ms)
				EditorAssembliesLoaded (0ms)
			ExecutionOrderSort2 (0ms)
			AwakeInstancesAfterBackupRestoration (11ms)
Platform modules already initialized, skipping
Refreshing native plugins compatible for Editor in 0.45 ms, found 3 plugins.
Preloading 0 native plugins for Editor in 0.00 ms.
Unloading 2205 Unused Serialized files (Serialized files now loaded: 0)
System memory in use before: 100.7 MB.
System memory in use after: 100.7 MB.

Unloading 20 unused Assets to reduce memory usage. Loaded Objects now: 2663.
Total: 5.010000 ms (FindLiveObjects: 0.166800 ms CreateObjectMapping: 0.091200 ms MarkObjects: 4.577800 ms  DeleteObjects: 0.172700 ms)

AssetImportParameters requested are different than current active one (requested -> active):
  custom:framework-win-MediaFoundation: 216162199b28c13a410421893ffa2e32 -> 
  custom:video-decoder-ogg-theora: a1e56fd34408186e4bbccfd4996cb3dc -> 
  custom:container-muxer-webm: aa71ff27fc2769a1b78a27578f13a17b -> 
  custom:container-demuxer-webm: 4f35f7cbe854078d1ac9338744f61a02 -> 
  custom:container-demuxer-ogg: 62fdf1f143b41e24485cea50d1cbac27 -> 
  custom:video-encoder-webm-vp8: eb34c28f22e8b96e1ab97ce403110664 -> 
  custom:video-codec-MediaFoundation-h265: 746d11721c4dcdbdad8f713fa42b33f4 -> 
  custom:video-decoder-webm-vp8: 9c59270c3fd7afecdb556c50c9e8de78 -> 
  custom:audio-decoder-ogg-vorbis: bf7c407c2cedff20999df2af8eb42d56 -> 
  custom:audio-encoder-webm-vorbis: bf7c407c2cedff20999df2af8eb42d56 -> 
========================================================================
Received Prepare
Registering precompiled user dll's ...
Registered in 0.003337 seconds.
Begin MonoManager ReloadAssembly
Native extension for WindowsStandalone target not found
Native extension for WebGL target not found
Refreshing native plugins compatible for Editor in 0.87 ms, found 3 plugins.
Preloading 0 native plugins for Editor in 0.00 ms.
Mono: successfully reloaded assembly
- Completed reload, in  1.221 seconds
Domain Reload Profiling:
	ReloadAssembly (1222ms)
		BeginReloadAssembly (164ms)
			ExecutionOrderSort (0ms)
			DisableScriptedObjects (9ms)
			BackupInstance (0ms)
			ReleaseScriptingObjects (0ms)
			CreateAndSetChildDomain (47ms)
		EndReloadAssembly (998ms)
			LoadAssemblies (130ms)
			RebuildTransferFunctionScriptingTraits (0ms)
			SetupTypeCache (312ms)
			ReleaseScriptCaches (1ms)
			RebuildScriptCaches (56ms)
			SetupLoadedEditorAssemblies (414ms)
				LogAssemblyErrors (0ms)
				InitializePlatformSupportModulesInManaged (7ms)
				SetLoadedEditorAssemblies (1ms)
				RefreshPlugins (1ms)
				BeforeProcessingInitializeOnLoad (138ms)
				ProcessInitializeOnLoadAttributes (242ms)
				ProcessInitializeOnLoadMethodAttributes (17ms)
				AfterProcessingInitializeOnLoad (9ms)
				EditorAssembliesLoaded (0ms)
			ExecutionOrderSort2 (0ms)
			AwakeInstancesAfterBackupRestoration (9ms)
Platform modules already initialized, skipping
Refreshing native plugins compatible for Editor in 0.45 ms, found 3 plugins.
Preloading 0 native plugins for Editor in 0.00 ms.
Unloading 2205 Unused Serialized files (Serialized files now loaded: 0)
System memory in use before: 100.7 MB.
System memory in use after: 100.7 MB.

Unloading 20 unused Assets to reduce memory usage. Loaded Objects now: 2666.
Total: 3.481000 ms (FindLiveObjects: 0.203200 ms CreateObjectMapping: 0.071400 ms MarkObjects: 3.029800 ms  DeleteObjects: 0.175800 ms)

AssetImportParameters requested are different than current active one (requested -> active):
  custom:framework-win-MediaFoundation: 216162199b28c13a410421893ffa2e32 -> 
  custom:video-decoder-ogg-theora: a1e56fd34408186e4bbccfd4996cb3dc -> 
  custom:container-muxer-webm: aa71ff27fc2769a1b78a27578f13a17b -> 
  custom:container-demuxer-webm: 4f35f7cbe854078d1ac9338744f61a02 -> 
  custom:container-demuxer-ogg: 62fdf1f143b41e24485cea50d1cbac27 -> 
  custom:video-encoder-webm-vp8: eb34c28f22e8b96e1ab97ce403110664 -> 
  custom:video-codec-MediaFoundation-h265: 746d11721c4dcdbdad8f713fa42b33f4 -> 
  custom:video-decoder-webm-vp8: 9c59270c3fd7afecdb556c50c9e8de78 -> 
  custom:audio-decoder-ogg-vorbis: bf7c407c2cedff20999df2af8eb42d56 -> 
  custom:audio-encoder-webm-vorbis: bf7c407c2cedff20999df2af8eb42d56 -> 
========================================================================
Received Import Request.
  Time since last request: 633.016883 seconds.
  path: ProjectSettings/TagManager.asset
  artifactKey: Guid(00000000000000003000000000000000) Importer(815301076,1909f56bfc062723c751e8b465ee728b)
Start importing ProjectSettings/TagManager.asset using Guid(00000000000000003000000000000000) Importer(815301076,1909f56bfc062723c751e8b465ee728b)  -> (artifact id: '01d02afa496641674ceb15df2e33f54b') in 0.014156 seconds 
========================================================================
Received Prepare
Registering precompiled user dll's ...
Registered in 0.002723 seconds.
Begin MonoManager ReloadAssembly
Native extension for WindowsStandalone target not found
Native extension for WebGL target not found
Refreshing native plugins compatible for Editor in 0.41 ms, found 3 plugins.
Preloading 0 native plugins for Editor in 0.00 ms.
Mono: successfully reloaded assembly
- Completed reload, in  1.120 seconds
Domain Reload Profiling:
	ReloadAssembly (1121ms)
		BeginReloadAssembly (133ms)
			ExecutionOrderSort (0ms)
			DisableScriptedObjects (9ms)
			BackupInstance (0ms)
			ReleaseScriptingObjects (0ms)
			CreateAndSetChildDomain (44ms)
		EndReloadAssembly (926ms)
			LoadAssemblies (102ms)
			RebuildTransferFunctionScriptingTraits (0ms)
			SetupTypeCache (330ms)
			ReleaseScriptCaches (1ms)
			RebuildScriptCaches (44ms)
			SetupLoadedEditorAssemblies (362ms)
				LogAssemblyErrors (0ms)
				InitializePlatformSupportModulesInManaged (5ms)
				SetLoadedEditorAssemblies (0ms)
				RefreshPlugins (0ms)
				BeforeProcessingInitializeOnLoad (117ms)
				ProcessInitializeOnLoadAttributes (221ms)
				ProcessInitializeOnLoadMethodAttributes (13ms)
				AfterProcessingInitializeOnLoad (5ms)
				EditorAssembliesLoaded (0ms)
			ExecutionOrderSort2 (0ms)
			AwakeInstancesAfterBackupRestoration (7ms)
Platform modules already initialized, skipping
Refreshing native plugins compatible for Editor in 0.85 ms, found 3 plugins.
Preloading 0 native plugins for Editor in 0.00 ms.
Unloading 2205 Unused Serialized files (Serialized files now loaded: 0)
System memory in use before: 100.8 MB.
System memory in use after: 100.7 MB.

Unloading 21 unused Assets to reduce memory usage. Loaded Objects now: 2669.
Total: 3.291200 ms (FindLiveObjects: 0.118900 ms CreateObjectMapping: 0.040100 ms MarkObjects: 2.942100 ms  DeleteObjects: 0.189100 ms)

AssetImportParameters requested are different than current active one (requested -> active):
  custom:framework-win-MediaFoundation: 216162199b28c13a410421893ffa2e32 -> 
  custom:video-decoder-ogg-theora: a1e56fd34408186e4bbccfd4996cb3dc -> 
  custom:container-muxer-webm: aa71ff27fc2769a1b78a27578f13a17b -> 
  custom:container-demuxer-webm: 4f35f7cbe854078d1ac9338744f61a02 -> 
  custom:container-demuxer-ogg: 62fdf1f143b41e24485cea50d1cbac27 -> 
  custom:video-encoder-webm-vp8: eb34c28f22e8b96e1ab97ce403110664 -> 
  custom:video-codec-MediaFoundation-h265: 746d11721c4dcdbdad8f713fa42b33f4 -> 
  custom:video-decoder-webm-vp8: 9c59270c3fd7afecdb556c50c9e8de78 -> 
  custom:audio-decoder-ogg-vorbis: bf7c407c2cedff20999df2af8eb42d56 -> 
  custom:audio-encoder-webm-vorbis: bf7c407c2cedff20999df2af8eb42d56 -> 
========================================================================
Received Prepare
Registering precompiled user dll's ...
Registered in 0.002690 seconds.
Begin MonoManager ReloadAssembly
Native extension for WindowsStandalone target not found
Native extension for WebGL target not found
Refreshing native plugins compatible for Editor in 0.59 ms, found 3 plugins.
Preloading 0 native plugins for Editor in 0.00 ms.
Mono: successfully reloaded assembly
- Completed reload, in  1.219 seconds
Domain Reload Profiling:
	ReloadAssembly (1220ms)
		BeginReloadAssembly (153ms)
			ExecutionOrderSort (0ms)
			DisableScriptedObjects (7ms)
			BackupInstance (0ms)
			ReleaseScriptingObjects (0ms)
			CreateAndSetChildDomain (47ms)
		EndReloadAssembly (1003ms)
			LoadAssemblies (144ms)
			RebuildTransferFunctionScriptingTraits (0ms)
			SetupTypeCache (384ms)
			ReleaseScriptCaches (2ms)
			RebuildScriptCaches (47ms)
			SetupLoadedEditorAssemblies (338ms)
				LogAssemblyErrors (0ms)
				InitializePlatformSupportModulesInManaged (5ms)
				SetLoadedEditorAssemblies (1ms)
				RefreshPlugins (1ms)
				BeforeProcessingInitializeOnLoad (92ms)
				ProcessInitializeOnLoadAttributes (219ms)
				ProcessInitializeOnLoadMethodAttributes (12ms)
				AfterProcessingInitializeOnLoad (8ms)
				EditorAssembliesLoaded (0ms)
			ExecutionOrderSort2 (0ms)
			AwakeInstancesAfterBackupRestoration (12ms)
Platform modules already initialized, skipping
Refreshing native plugins compatible for Editor in 0.42 ms, found 3 plugins.
Preloading 0 native plugins for Editor in 0.00 ms.
Unloading 2205 Unused Serialized files (Serialized files now loaded: 0)
System memory in use before: 100.8 MB.
System memory in use after: 100.7 MB.

Unloading 20 unused Assets to reduce memory usage. Loaded Objects now: 2672.
Total: 5.145400 ms (FindLiveObjects: 0.167300 ms CreateObjectMapping: 0.098700 ms MarkObjects: 4.693000 ms  DeleteObjects: 0.185100 ms)

AssetImportParameters requested are different than current active one (requested -> active):
  custom:framework-win-MediaFoundation: 216162199b28c13a410421893ffa2e32 -> 
  custom:video-decoder-ogg-theora: a1e56fd34408186e4bbccfd4996cb3dc -> 
  custom:container-muxer-webm: aa71ff27fc2769a1b78a27578f13a17b -> 
  custom:container-demuxer-webm: 4f35f7cbe854078d1ac9338744f61a02 -> 
  custom:container-demuxer-ogg: 62fdf1f143b41e24485cea50d1cbac27 -> 
  custom:video-encoder-webm-vp8: eb34c28f22e8b96e1ab97ce403110664 -> 
  custom:video-codec-MediaFoundation-h265: 746d11721c4dcdbdad8f713fa42b33f4 -> 
  custom:video-decoder-webm-vp8: 9c59270c3fd7afecdb556c50c9e8de78 -> 
  custom:audio-decoder-ogg-vorbis: bf7c407c2cedff20999df2af8eb42d56 -> 
  custom:audio-encoder-webm-vorbis: bf7c407c2cedff20999df2af8eb42d56 -> 
========================================================================
Received Prepare
Registering precompiled user dll's ...
Registered in 0.002945 seconds.
Begin MonoManager ReloadAssembly
Native extension for WindowsStandalone target not found
Native extension for WebGL target not found
Refreshing native plugins compatible for Editor in 0.40 ms, found 3 plugins.
Preloading 0 native plugins for Editor in 0.00 ms.
Mono: successfully reloaded assembly
- Completed reload, in  1.132 seconds
Domain Reload Profiling:
	ReloadAssembly (1133ms)
		BeginReloadAssembly (135ms)
			ExecutionOrderSort (0ms)
			DisableScriptedObjects (6ms)
			BackupInstance (0ms)
			ReleaseScriptingObjects (0ms)
			CreateAndSetChildDomain (33ms)
		EndReloadAssembly (923ms)
			LoadAssemblies (120ms)
			RebuildTransferFunctionScriptingTraits (0ms)
			SetupTypeCache (286ms)
			ReleaseScriptCaches (1ms)
			RebuildScriptCaches (60ms)
			SetupLoadedEditorAssemblies (365ms)
				LogAssemblyErrors (0ms)
				InitializePlatformSupportModulesInManaged (5ms)
				SetLoadedEditorAssemblies (0ms)
				RefreshPlugins (0ms)
				BeforeProcessingInitializeOnLoad (132ms)
				ProcessInitializeOnLoadAttributes (206ms)
				ProcessInitializeOnLoadMethodAttributes (12ms)
				AfterProcessingInitializeOnLoad (9ms)
				EditorAssembliesLoaded (0ms)
			ExecutionOrderSort2 (0ms)
			AwakeInstancesAfterBackupRestoration (12ms)
Platform modules already initialized, skipping
Refreshing native plugins compatible for Editor in 0.48 ms, found 3 plugins.
Preloading 0 native plugins for Editor in 0.00 ms.
Unloading 2205 Unused Serialized files (Serialized files now loaded: 0)
System memory in use before: 100.8 MB.
System memory in use after: 100.7 MB.

Unloading 20 unused Assets to reduce memory usage. Loaded Objects now: 2675.
Total: 3.990400 ms (FindLiveObjects: 0.108700 ms CreateObjectMapping: 0.046600 ms MarkObjects: 3.628000 ms  DeleteObjects: 0.206200 ms)

AssetImportParameters requested are different than current active one (requested -> active):
  custom:framework-win-MediaFoundation: 216162199b28c13a410421893ffa2e32 -> 
  custom:video-decoder-ogg-theora: a1e56fd34408186e4bbccfd4996cb3dc -> 
  custom:container-muxer-webm: aa71ff27fc2769a1b78a27578f13a17b -> 
  custom:container-demuxer-webm: 4f35f7cbe854078d1ac9338744f61a02 -> 
  custom:container-demuxer-ogg: 62fdf1f143b41e24485cea50d1cbac27 -> 
  custom:video-encoder-webm-vp8: eb34c28f22e8b96e1ab97ce403110664 -> 
  custom:video-codec-MediaFoundation-h265: 746d11721c4dcdbdad8f713fa42b33f4 -> 
  custom:video-decoder-webm-vp8: 9c59270c3fd7afecdb556c50c9e8de78 -> 
  custom:audio-decoder-ogg-vorbis: bf7c407c2cedff20999df2af8eb42d56 -> 
  custom:audio-encoder-webm-vorbis: bf7c407c2cedff20999df2af8eb42d56 -> 
========================================================================
Received Prepare
Registering precompiled user dll's ...
Registered in 0.002797 seconds.
Begin MonoManager ReloadAssembly
Native extension for WindowsStandalone target not found
Native extension for WebGL target not found
Refreshing native plugins compatible for Editor in 0.52 ms, found 3 plugins.
Preloading 0 native plugins for Editor in 0.00 ms.
Mono: successfully reloaded assembly
- Completed reload, in  1.195 seconds
Domain Reload Profiling:
	ReloadAssembly (1196ms)
		BeginReloadAssembly (154ms)
			ExecutionOrderSort (0ms)
			DisableScriptedObjects (14ms)
			BackupInstance (0ms)
			ReleaseScriptingObjects (0ms)
			CreateAndSetChildDomain (42ms)
		EndReloadAssembly (954ms)
			LoadAssemblies (135ms)
			RebuildTransferFunctionScriptingTraits (0ms)
			SetupTypeCache (333ms)
			ReleaseScriptCaches (1ms)
			RebuildScriptCaches (49ms)
			SetupLoadedEditorAssemblies (347ms)
				LogAssemblyErrors (0ms)
				InitializePlatformSupportModulesInManaged (6ms)
				SetLoadedEditorAssemblies (0ms)
				RefreshPlugins (1ms)
				BeforeProcessingInitializeOnLoad (106ms)
				ProcessInitializeOnLoadAttributes (212ms)
				ProcessInitializeOnLoadMethodAttributes (14ms)
				AfterProcessingInitializeOnLoad (8ms)
				EditorAssembliesLoaded (0ms)
			ExecutionOrderSort2 (0ms)
			AwakeInstancesAfterBackupRestoration (8ms)
Platform modules already initialized, skipping
Refreshing native plugins compatible for Editor in 0.59 ms, found 3 plugins.
Preloading 0 native plugins for Editor in 0.00 ms.
Unloading 2205 Unused Serialized files (Serialized files now loaded: 0)
System memory in use before: 100.8 MB.
System memory in use after: 100.7 MB.

Unloading 20 unused Assets to reduce memory usage. Loaded Objects now: 2678.
Total: 3.308900 ms (FindLiveObjects: 0.165600 ms CreateObjectMapping: 0.062400 ms MarkObjects: 2.901700 ms  DeleteObjects: 0.178200 ms)

AssetImportParameters requested are different than current active one (requested -> active):
  custom:framework-win-MediaFoundation: 216162199b28c13a410421893ffa2e32 -> 
  custom:video-decoder-ogg-theora: a1e56fd34408186e4bbccfd4996cb3dc -> 
  custom:container-muxer-webm: aa71ff27fc2769a1b78a27578f13a17b -> 
  custom:container-demuxer-webm: 4f35f7cbe854078d1ac9338744f61a02 -> 
  custom:container-demuxer-ogg: 62fdf1f143b41e24485cea50d1cbac27 -> 
  custom:video-encoder-webm-vp8: eb34c28f22e8b96e1ab97ce403110664 -> 
  custom:video-codec-MediaFoundation-h265: 746d11721c4dcdbdad8f713fa42b33f4 -> 
  custom:video-decoder-webm-vp8: 9c59270c3fd7afecdb556c50c9e8de78 -> 
  custom:audio-decoder-ogg-vorbis: bf7c407c2cedff20999df2af8eb42d56 -> 
  custom:audio-encoder-webm-vorbis: bf7c407c2cedff20999df2af8eb42d56 -> 
========================================================================
Received Prepare
Registering precompiled user dll's ...
Registered in 0.003214 seconds.
Begin MonoManager ReloadAssembly
Native extension for WindowsStandalone target not found
Native extension for WebGL target not found
Refreshing native plugins compatible for Editor in 0.48 ms, found 3 plugins.
Preloading 0 native plugins for Editor in 0.00 ms.
Mono: successfully reloaded assembly
- Completed reload, in  0.977 seconds
Domain Reload Profiling:
	ReloadAssembly (977ms)
		BeginReloadAssembly (111ms)
			ExecutionOrderSort (0ms)
			DisableScriptedObjects (6ms)
			BackupInstance (0ms)
			ReleaseScriptingObjects (0ms)
			CreateAndSetChildDomain (31ms)
		EndReloadAssembly (807ms)
			LoadAssemblies (102ms)
			RebuildTransferFunctionScriptingTraits (0ms)
			SetupTypeCache (276ms)
			ReleaseScriptCaches (1ms)
			RebuildScriptCaches (42ms)
			SetupLoadedEditorAssemblies (298ms)
				LogAssemblyErrors (0ms)
				InitializePlatformSupportModulesInManaged (6ms)
				SetLoadedEditorAssemblies (1ms)
				RefreshPlugins (1ms)
				BeforeProcessingInitializeOnLoad (93ms)
				ProcessInitializeOnLoadAttributes (180ms)
				ProcessInitializeOnLoadMethodAttributes (11ms)
				AfterProcessingInitializeOnLoad (6ms)
				EditorAssembliesLoaded (0ms)
			ExecutionOrderSort2 (0ms)
			AwakeInstancesAfterBackupRestoration (10ms)
Platform modules already initialized, skipping
Refreshing native plugins compatible for Editor in 0.53 ms, found 3 plugins.
Preloading 0 native plugins for Editor in 0.00 ms.
Unloading 2205 Unused Serialized files (Serialized files now loaded: 0)
System memory in use before: 100.8 MB.
System memory in use after: 100.7 MB.

Unloading 20 unused Assets to reduce memory usage. Loaded Objects now: 2681.
Total: 3.011400 ms (FindLiveObjects: 0.234100 ms CreateObjectMapping: 0.160300 ms MarkObjects: 2.466600 ms  DeleteObjects: 0.149000 ms)

AssetImportParameters requested are different than current active one (requested -> active):
  custom:framework-win-MediaFoundation: 216162199b28c13a410421893ffa2e32 -> 
  custom:video-decoder-ogg-theora: a1e56fd34408186e4bbccfd4996cb3dc -> 
  custom:container-muxer-webm: aa71ff27fc2769a1b78a27578f13a17b -> 
  custom:container-demuxer-webm: 4f35f7cbe854078d1ac9338744f61a02 -> 
  custom:container-demuxer-ogg: 62fdf1f143b41e24485cea50d1cbac27 -> 
  custom:video-encoder-webm-vp8: eb34c28f22e8b96e1ab97ce403110664 -> 
  custom:video-codec-MediaFoundation-h265: 746d11721c4dcdbdad8f713fa42b33f4 -> 
  custom:video-decoder-webm-vp8: 9c59270c3fd7afecdb556c50c9e8de78 -> 
  custom:audio-decoder-ogg-vorbis: bf7c407c2cedff20999df2af8eb42d56 -> 
  custom:audio-encoder-webm-vorbis: bf7c407c2cedff20999df2af8eb42d56 -> 
========================================================================
Received Prepare
Registering precompiled user dll's ...
Registered in 0.002660 seconds.
Begin MonoManager ReloadAssembly
Native extension for WindowsStandalone target not found
Native extension for WebGL target not found
Refreshing native plugins compatible for Editor in 0.48 ms, found 3 plugins.
Preloading 0 native plugins for Editor in 0.00 ms.
Mono: successfully reloaded assembly
- Completed reload, in  1.216 seconds
Domain Reload Profiling:
	ReloadAssembly (1217ms)
		BeginReloadAssembly (145ms)
			ExecutionOrderSort (0ms)
			DisableScriptedObjects (5ms)
			BackupInstance (0ms)
			ReleaseScriptingObjects (0ms)
			CreateAndSetChildDomain (41ms)
		EndReloadAssembly (1006ms)
			LoadAssemblies (115ms)
			RebuildTransferFunctionScriptingTraits (0ms)
			SetupTypeCache (332ms)
			ReleaseScriptCaches (1ms)
			RebuildScriptCaches (53ms)
			SetupLoadedEditorAssemblies (389ms)
				LogAssemblyErrors (0ms)
				InitializePlatformSupportModulesInManaged (9ms)
				SetLoadedEditorAssemblies (1ms)
				RefreshPlugins (1ms)
				BeforeProcessingInitializeOnLoad (122ms)
				ProcessInitializeOnLoadAttributes (232ms)
				ProcessInitializeOnLoadMethodAttributes (15ms)
				AfterProcessingInitializeOnLoad (10ms)
				EditorAssembliesLoaded (0ms)
			ExecutionOrderSort2 (0ms)
			AwakeInstancesAfterBackupRestoration (12ms)
Platform modules already initialized, skipping
Refreshing native plugins compatible for Editor in 0.63 ms, found 3 plugins.
Preloading 0 native plugins for Editor in 0.00 ms.
Unloading 2205 Unused Serialized files (Serialized files now loaded: 0)
System memory in use before: 100.8 MB.
System memory in use after: 100.7 MB.

Unloading 20 unused Assets to reduce memory usage. Loaded Objects now: 2684.
Total: 2.602100 ms (FindLiveObjects: 0.126800 ms CreateObjectMapping: 0.045800 ms MarkObjects: 2.297200 ms  DeleteObjects: 0.131200 ms)

AssetImportParameters requested are different than current active one (requested -> active):
  custom:framework-win-MediaFoundation: 216162199b28c13a410421893ffa2e32 -> 
  custom:video-decoder-ogg-theora: a1e56fd34408186e4bbccfd4996cb3dc -> 
  custom:container-muxer-webm: aa71ff27fc2769a1b78a27578f13a17b -> 
  custom:container-demuxer-webm: 4f35f7cbe854078d1ac9338744f61a02 -> 
  custom:container-demuxer-ogg: 62fdf1f143b41e24485cea50d1cbac27 -> 
  custom:video-encoder-webm-vp8: eb34c28f22e8b96e1ab97ce403110664 -> 
  custom:video-codec-MediaFoundation-h265: 746d11721c4dcdbdad8f713fa42b33f4 -> 
  custom:video-decoder-webm-vp8: 9c59270c3fd7afecdb556c50c9e8de78 -> 
  custom:audio-decoder-ogg-vorbis: bf7c407c2cedff20999df2af8eb42d56 -> 
  custom:audio-encoder-webm-vorbis: bf7c407c2cedff20999df2af8eb42d56 -> 
========================================================================
Received Prepare
Registering precompiled user dll's ...
Registered in 0.002970 seconds.
Begin MonoManager ReloadAssembly
Native extension for WindowsStandalone target not found
Native extension for WebGL target not found
Refreshing native plugins compatible for Editor in 0.52 ms, found 3 plugins.
Preloading 0 native plugins for Editor in 0.00 ms.
Mono: successfully reloaded assembly
- Completed reload, in  1.153 seconds
Domain Reload Profiling:
	ReloadAssembly (1154ms)
		BeginReloadAssembly (146ms)
			ExecutionOrderSort (0ms)
			DisableScriptedObjects (8ms)
			BackupInstance (0ms)
			ReleaseScriptingObjects (0ms)
			CreateAndSetChildDomain (36ms)
		EndReloadAssembly (921ms)
			LoadAssemblies (132ms)
			RebuildTransferFunctionScriptingTraits (0ms)
			SetupTypeCache (318ms)
			ReleaseScriptCaches (1ms)
			RebuildScriptCaches (47ms)
			SetupLoadedEditorAssemblies (357ms)
				LogAssemblyErrors (0ms)
				InitializePlatformSupportModulesInManaged (6ms)
				SetLoadedEditorAssemblies (0ms)
				RefreshPlugins (1ms)
				BeforeProcessingInitializeOnLoad (122ms)
				ProcessInitializeOnLoadAttributes (210ms)
				ProcessInitializeOnLoadMethodAttributes (11ms)
				AfterProcessingInitializeOnLoad (6ms)
				EditorAssembliesLoaded (0ms)
			ExecutionOrderSort2 (0ms)
			AwakeInstancesAfterBackupRestoration (8ms)
Platform modules already initialized, skipping
Refreshing native plugins compatible for Editor in 0.54 ms, found 3 plugins.
Preloading 0 native plugins for Editor in 0.00 ms.
Unloading 2205 Unused Serialized files (Serialized files now loaded: 0)
System memory in use before: 100.8 MB.
System memory in use after: 100.8 MB.

Unloading 20 unused Assets to reduce memory usage. Loaded Objects now: 2687.
Total: 3.158300 ms (FindLiveObjects: 0.124100 ms CreateObjectMapping: 0.046500 ms MarkObjects: 2.872900 ms  DeleteObjects: 0.114000 ms)

AssetImportParameters requested are different than current active one (requested -> active):
  custom:framework-win-MediaFoundation: 216162199b28c13a410421893ffa2e32 -> 
  custom:video-decoder-ogg-theora: a1e56fd34408186e4bbccfd4996cb3dc -> 
  custom:container-muxer-webm: aa71ff27fc2769a1b78a27578f13a17b -> 
  custom:container-demuxer-webm: 4f35f7cbe854078d1ac9338744f61a02 -> 
  custom:container-demuxer-ogg: 62fdf1f143b41e24485cea50d1cbac27 -> 
  custom:video-encoder-webm-vp8: eb34c28f22e8b96e1ab97ce403110664 -> 
  custom:video-codec-MediaFoundation-h265: 746d11721c4dcdbdad8f713fa42b33f4 -> 
  custom:video-decoder-webm-vp8: 9c59270c3fd7afecdb556c50c9e8de78 -> 
  custom:audio-decoder-ogg-vorbis: bf7c407c2cedff20999df2af8eb42d56 -> 
  custom:audio-encoder-webm-vorbis: bf7c407c2cedff20999df2af8eb42d56 -> 
========================================================================
Received Prepare
Registering precompiled user dll's ...
Registered in 0.003233 seconds.
Begin MonoManager ReloadAssembly
Native extension for WindowsStandalone target not found
Native extension for WebGL target not found
Refreshing native plugins compatible for Editor in 0.50 ms, found 3 plugins.
Preloading 0 native plugins for Editor in 0.00 ms.
Mono: successfully reloaded assembly
- Completed reload, in  1.150 seconds
Domain Reload Profiling:
	ReloadAssembly (1150ms)
		BeginReloadAssembly (110ms)
			ExecutionOrderSort (0ms)
			DisableScriptedObjects (6ms)
			BackupInstance (0ms)
			ReleaseScriptingObjects (0ms)
			CreateAndSetChildDomain (32ms)
		EndReloadAssembly (970ms)
			LoadAssemblies (102ms)
			RebuildTransferFunctionScriptingTraits (0ms)
			SetupTypeCache (333ms)
			ReleaseScriptCaches (1ms)
			RebuildScriptCaches (50ms)
			SetupLoadedEditorAssemblies (367ms)
				LogAssemblyErrors (0ms)
				InitializePlatformSupportModulesInManaged (5ms)
				SetLoadedEditorAssemblies (0ms)
				RefreshPlugins (1ms)
				BeforeProcessingInitializeOnLoad (110ms)
				ProcessInitializeOnLoadAttributes (230ms)
				ProcessInitializeOnLoadMethodAttributes (9ms)
				AfterProcessingInitializeOnLoad (11ms)
				EditorAssembliesLoaded (0ms)
			ExecutionOrderSort2 (0ms)
			AwakeInstancesAfterBackupRestoration (10ms)
Platform modules already initialized, skipping
Refreshing native plugins compatible for Editor in 0.78 ms, found 3 plugins.
Preloading 0 native plugins for Editor in 0.00 ms.
Unloading 2205 Unused Serialized files (Serialized files now loaded: 0)
System memory in use before: 100.8 MB.
System memory in use after: 100.8 MB.

Unloading 20 unused Assets to reduce memory usage. Loaded Objects now: 2690.
Total: 2.542900 ms (FindLiveObjects: 0.109100 ms CreateObjectMapping: 0.038000 ms MarkObjects: 2.275100 ms  DeleteObjects: 0.119800 ms)

AssetImportParameters requested are different than current active one (requested -> active):
  custom:framework-win-MediaFoundation: 216162199b28c13a410421893ffa2e32 -> 
  custom:video-decoder-ogg-theora: a1e56fd34408186e4bbccfd4996cb3dc -> 
  custom:container-muxer-webm: aa71ff27fc2769a1b78a27578f13a17b -> 
  custom:container-demuxer-webm: 4f35f7cbe854078d1ac9338744f61a02 -> 
  custom:container-demuxer-ogg: 62fdf1f143b41e24485cea50d1cbac27 -> 
  custom:video-encoder-webm-vp8: eb34c28f22e8b96e1ab97ce403110664 -> 
  custom:video-codec-MediaFoundation-h265: 746d11721c4dcdbdad8f713fa42b33f4 -> 
  custom:video-decoder-webm-vp8: 9c59270c3fd7afecdb556c50c9e8de78 -> 
  custom:audio-decoder-ogg-vorbis: bf7c407c2cedff20999df2af8eb42d56 -> 
  custom:audio-encoder-webm-vorbis: bf7c407c2cedff20999df2af8eb42d56 -> 
========================================================================
Received Import Request.
  Time since last request: 484.126939 seconds.
  path: Assets/Scripts/Damage.cs
  artifactKey: Guid(d54e7302ee92bd64283da717cf949ff8) Importer(815301076,1909f56bfc062723c751e8b465ee728b)
Start importing Assets/Scripts/Damage.cs using Guid(d54e7302ee92bd64283da717cf949ff8) Importer(815301076,1909f56bfc062723c751e8b465ee728b)  -> (artifact id: 'b4b4ca40ef49a01ce2ef736e367ad390') in 0.007328 seconds 
========================================================================
Received Prepare
Registering precompiled user dll's ...
Registered in 0.002893 seconds.
Begin MonoManager ReloadAssembly
Native extension for WindowsStandalone target not found
Native extension for WebGL target not found
Refreshing native plugins compatible for Editor in 0.65 ms, found 3 plugins.
Preloading 0 native plugins for Editor in 0.00 ms.
Mono: successfully reloaded assembly
- Completed reload, in  1.319 seconds
Domain Reload Profiling:
	ReloadAssembly (1319ms)
		BeginReloadAssembly (110ms)
			ExecutionOrderSort (0ms)
			DisableScriptedObjects (5ms)
			BackupInstance (0ms)
			ReleaseScriptingObjects (0ms)
			CreateAndSetChildDomain (36ms)
		EndReloadAssembly (1129ms)
			LoadAssemblies (114ms)
			RebuildTransferFunctionScriptingTraits (0ms)
			SetupTypeCache (433ms)
			ReleaseScriptCaches (1ms)
			RebuildScriptCaches (52ms)
			SetupLoadedEditorAssemblies (383ms)
				LogAssemblyErrors (0ms)
				InitializePlatformSupportModulesInManaged (7ms)
				SetLoadedEditorAssemblies (1ms)
				RefreshPlugins (1ms)
				BeforeProcessingInitializeOnLoad (121ms)
				ProcessInitializeOnLoadAttributes (232ms)
				ProcessInitializeOnLoadMethodAttributes (14ms)
				AfterProcessingInitializeOnLoad (8ms)
				EditorAssembliesLoaded (0ms)
			ExecutionOrderSort2 (0ms)
			AwakeInstancesAfterBackupRestoration (10ms)
Platform modules already initialized, skipping
Refreshing native plugins compatible for Editor in 0.56 ms, found 3 plugins.
Preloading 0 native plugins for Editor in 0.00 ms.
Unloading 2206 Unused Serialized files (Serialized files now loaded: 0)
System memory in use before: 100.8 MB.
System memory in use after: 100.8 MB.

Unloading 20 unused Assets to reduce memory usage. Loaded Objects now: 2694.
Total: 3.120500 ms (FindLiveObjects: 0.121400 ms CreateObjectMapping: 0.050600 ms MarkObjects: 2.808600 ms  DeleteObjects: 0.138600 ms)

AssetImportParameters requested are different than current active one (requested -> active):
  custom:framework-win-MediaFoundation: 216162199b28c13a410421893ffa2e32 -> 
  custom:video-decoder-ogg-theora: a1e56fd34408186e4bbccfd4996cb3dc -> 
  custom:container-muxer-webm: aa71ff27fc2769a1b78a27578f13a17b -> 
  custom:container-demuxer-webm: 4f35f7cbe854078d1ac9338744f61a02 -> 
  custom:container-demuxer-ogg: 62fdf1f143b41e24485cea50d1cbac27 -> 
  custom:video-encoder-webm-vp8: eb34c28f22e8b96e1ab97ce403110664 -> 
  custom:video-codec-MediaFoundation-h265: 746d11721c4dcdbdad8f713fa42b33f4 -> 
  custom:video-decoder-webm-vp8: 9c59270c3fd7afecdb556c50c9e8de78 -> 
  custom:audio-decoder-ogg-vorbis: bf7c407c2cedff20999df2af8eb42d56 -> 
  custom:audio-encoder-webm-vorbis: bf7c407c2cedff20999df2af8eb42d56 -> 
========================================================================
Received Prepare
Registering precompiled user dll's ...
Registered in 0.002707 seconds.
Begin MonoManager ReloadAssembly
Native extension for WindowsStandalone target not found
Native extension for WebGL target not found
Refreshing native plugins compatible for Editor in 0.54 ms, found 3 plugins.
Preloading 0 native plugins for Editor in 0.00 ms.
Mono: successfully reloaded assembly
- Completed reload, in  1.151 seconds
Domain Reload Profiling:
	ReloadAssembly (1152ms)
		BeginReloadAssembly (137ms)
			ExecutionOrderSort (0ms)
			DisableScriptedObjects (6ms)
			BackupInstance (0ms)
			ReleaseScriptingObjects (0ms)
			CreateAndSetChildDomain (44ms)
		EndReloadAssembly (925ms)
			LoadAssemblies (105ms)
			RebuildTransferFunctionScriptingTraits (0ms)
			SetupTypeCache (319ms)
			ReleaseScriptCaches (1ms)
			RebuildScriptCaches (42ms)
			SetupLoadedEditorAssemblies (359ms)
				LogAssemblyErrors (0ms)
				InitializePlatformSupportModulesInManaged (5ms)
				SetLoadedEditorAssemblies (0ms)
				RefreshPlugins (1ms)
				BeforeProcessingInitializeOnLoad (100ms)
				ProcessInitializeOnLoadAttributes (232ms)
				ProcessInitializeOnLoadMethodAttributes (13ms)
				AfterProcessingInitializeOnLoad (7ms)
				EditorAssembliesLoaded (0ms)
			ExecutionOrderSort2 (0ms)
			AwakeInstancesAfterBackupRestoration (8ms)
Platform modules already initialized, skipping
Refreshing native plugins compatible for Editor in 0.56 ms, found 3 plugins.
Preloading 0 native plugins for Editor in 0.00 ms.
Unloading 2206 Unused Serialized files (Serialized files now loaded: 0)
System memory in use before: 100.8 MB.
System memory in use after: 100.8 MB.

Unloading 20 unused Assets to reduce memory usage. Loaded Objects now: 2697.
Total: 3.055000 ms (FindLiveObjects: 0.109100 ms CreateObjectMapping: 0.036500 ms MarkObjects: 2.682300 ms  DeleteObjects: 0.226000 ms)

AssetImportParameters requested are different than current active one (requested -> active):
  custom:framework-win-MediaFoundation: 216162199b28c13a410421893ffa2e32 -> 
  custom:video-decoder-ogg-theora: a1e56fd34408186e4bbccfd4996cb3dc -> 
  custom:container-muxer-webm: aa71ff27fc2769a1b78a27578f13a17b -> 
  custom:container-demuxer-webm: 4f35f7cbe854078d1ac9338744f61a02 -> 
  custom:container-demuxer-ogg: 62fdf1f143b41e24485cea50d1cbac27 -> 
  custom:video-encoder-webm-vp8: eb34c28f22e8b96e1ab97ce403110664 -> 
  custom:video-codec-MediaFoundation-h265: 746d11721c4dcdbdad8f713fa42b33f4 -> 
  custom:video-decoder-webm-vp8: 9c59270c3fd7afecdb556c50c9e8de78 -> 
  custom:audio-decoder-ogg-vorbis: bf7c407c2cedff20999df2af8eb42d56 -> 
  custom:audio-encoder-webm-vorbis: bf7c407c2cedff20999df2af8eb42d56 -> 
========================================================================
Received Import Request.
  Time since last request: 272.019768 seconds.
  path: Assets/Scripts/Fighter.cs
  artifactKey: Guid(fd5b1ec8fa3aab544ad0670282504c07) Importer(815301076,1909f56bfc062723c751e8b465ee728b)
Start importing Assets/Scripts/Fighter.cs using Guid(fd5b1ec8fa3aab544ad0670282504c07) Importer(815301076,1909f56bfc062723c751e8b465ee728b)  -> (artifact id: 'cba19f040f06df6a1f162c6e40890938') in 0.007009 seconds 
========================================================================
Received Prepare
Registering precompiled user dll's ...
Registered in 0.002462 seconds.
Begin MonoManager ReloadAssembly
Native extension for WindowsStandalone target not found
Native extension for WebGL target not found
Refreshing native plugins compatible for Editor in 0.74 ms, found 3 plugins.
Preloading 0 native plugins for Editor in 0.00 ms.
Mono: successfully reloaded assembly
- Completed reload, in  1.153 seconds
Domain Reload Profiling:
	ReloadAssembly (1153ms)
		BeginReloadAssembly (113ms)
			ExecutionOrderSort (0ms)
			DisableScriptedObjects (6ms)
			BackupInstance (0ms)
			ReleaseScriptingObjects (0ms)
			CreateAndSetChildDomain (34ms)
		EndReloadAssembly (974ms)
			LoadAssemblies (105ms)
			RebuildTransferFunctionScriptingTraits (0ms)
			SetupTypeCache (308ms)
			ReleaseScriptCaches (1ms)
			RebuildScriptCaches (68ms)
			SetupLoadedEditorAssemblies (375ms)
				LogAssemblyErrors (0ms)
				InitializePlatformSupportModulesInManaged (7ms)
				SetLoadedEditorAssemblies (1ms)
				RefreshPlugins (1ms)
				BeforeProcessingInitializeOnLoad (121ms)
				ProcessInitializeOnLoadAttributes (228ms)
				ProcessInitializeOnLoadMethodAttributes (12ms)
				AfterProcessingInitializeOnLoad (6ms)
				EditorAssembliesLoaded (0ms)
			ExecutionOrderSort2 (0ms)
			AwakeInstancesAfterBackupRestoration (8ms)
Platform modules already initialized, skipping
Refreshing native plugins compatible for Editor in 0.64 ms, found 3 plugins.
Preloading 0 native plugins for Editor in 0.00 ms.
Unloading 2207 Unused Serialized files (Serialized files now loaded: 0)
System memory in use before: 100.9 MB.
System memory in use after: 100.8 MB.

Unloading 20 unused Assets to reduce memory usage. Loaded Objects now: 2701.
Total: 2.729000 ms (FindLiveObjects: 0.177700 ms CreateObjectMapping: 0.079600 ms MarkObjects: 2.266600 ms  DeleteObjects: 0.203900 ms)

AssetImportParameters requested are different than current active one (requested -> active):
  custom:framework-win-MediaFoundation: 216162199b28c13a410421893ffa2e32 -> 
  custom:video-decoder-ogg-theora: a1e56fd34408186e4bbccfd4996cb3dc -> 
  custom:container-muxer-webm: aa71ff27fc2769a1b78a27578f13a17b -> 
  custom:container-demuxer-webm: 4f35f7cbe854078d1ac9338744f61a02 -> 
  custom:container-demuxer-ogg: 62fdf1f143b41e24485cea50d1cbac27 -> 
  custom:video-encoder-webm-vp8: eb34c28f22e8b96e1ab97ce403110664 -> 
  custom:video-codec-MediaFoundation-h265: 746d11721c4dcdbdad8f713fa42b33f4 -> 
  custom:video-decoder-webm-vp8: 9c59270c3fd7afecdb556c50c9e8de78 -> 
  custom:audio-decoder-ogg-vorbis: bf7c407c2cedff20999df2af8eb42d56 -> 
  custom:audio-encoder-webm-vorbis: bf7c407c2cedff20999df2af8eb42d56 -> 
========================================================================
Received Import Request.
  Time since last request: 400.208312 seconds.
  path: Assets/Scripts/Enemy.cs
  artifactKey: Guid(2c95f27d696a8ec4f918f3cf8c8b96d3) Importer(815301076,1909f56bfc062723c751e8b465ee728b)
Start importing Assets/Scripts/Enemy.cs using Guid(2c95f27d696a8ec4f918f3cf8c8b96d3) Importer(815301076,1909f56bfc062723c751e8b465ee728b)  -> (artifact id: '3f1b8dfe20fd191f228778610833f547') in 0.008644 seconds 
